{"D:\\game_aggregator_diplom\\frontend\\src\\App.jsx": {"path":"D:\\game_aggregator_diplom\\frontend\\src\\App.jsx","statementMap":{"0":{"start":{"line":17,"column":10},"end":{"line":17,"column":43}},"1":{"start":{"line":19,"column":2},"end":{"line":37,"column":null}}},"fnMap":{"0":{"name":"App","decl":{"start":{"line":16,"column":9},"end":{"line":16,"column":15}},"loc":{"start":{"line":16,"column":15},"end":{"line":37,"column":null}},"line":16}},"branchMap":{},"s":{"0":12,"1":12},"f":{"0":12},"b":{},"meta":{"lastBranch":0,"lastFunction":1,"lastStatement":2,"seen":{"f:16:9:16:15":0,"s:17:10:17:43":0,"s:19:2:37:Infinity":1}}}
,"D:\\game_aggregator_diplom\\frontend\\src\\api\\client.js": {"path":"D:\\game_aggregator_diplom\\frontend\\src\\api\\client.js","statementMap":{"0":{"start":{"line":3,"column":12},"end":{"line":5,"column":2}},"1":{"start":{"line":7,"column":0},"end":{"line":15,"column":null}},"2":{"start":{"line":8,"column":16},"end":{"line":8,"column":52}},"3":{"start":{"line":9,"column":2},"end":{"line":10,"column":null}},"4":{"start":{"line":10,"column":4},"end":{"line":10,"column":null}},"5":{"start":{"line":12,"column":2},"end":{"line":12,"column":null}},"6":{"start":{"line":14,"column":2},"end":{"line":14,"column":null}},"7":{"start":{"line":17,"column":0},"end":{"line":25,"column":null}},"8":{"start":{"line":18,"column":2},"end":{"line":18,"column":null}},"9":{"start":{"line":20,"column":2},"end":{"line":22,"column":null}},"10":{"start":{"line":21,"column":4},"end":{"line":21,"column":null}},"11":{"start":{"line":22,"column":4},"end":{"line":22,"column":null}},"12":{"start":{"line":24,"column":2},"end":{"line":24,"column":null}}},"fnMap":{"0":{"name":"(anonymous_0)","decl":{"start":{"line":7,"column":25},"end":{"line":7,"column":30}},"loc":{"start":{"line":7,"column":41},"end":{"line":13,"column":14}},"line":7},"1":{"name":"(anonymous_1)","decl":{"start":{"line":13,"column":4},"end":{"line":13,"column":14}},"loc":{"start":{"line":13,"column":14},"end":{"line":15,"column":null}},"line":13},"2":{"name":"(anonymous_2)","decl":{"start":{"line":17,"column":26},"end":{"line":17,"column":31}},"loc":{"start":{"line":17,"column":44},"end":{"line":19,"column":14}},"line":17},"3":{"name":"(anonymous_3)","decl":{"start":{"line":19,"column":4},"end":{"line":19,"column":14}},"loc":{"start":{"line":19,"column":14},"end":{"line":25,"column":null}},"line":19}},"branchMap":{"0":{"loc":{"start":{"line":4,"column":11},"end":{"line":4,"column":null}},"type":"binary-expr","locations":[{"start":{"line":4,"column":11},"end":{"line":4,"column":43}},{"start":{"line":4,"column":43},"end":{"line":4,"column":null}}],"line":4},"1":{"loc":{"start":{"line":9,"column":2},"end":{"line":10,"column":null}},"type":"if","locations":[{"start":{"line":9,"column":2},"end":{"line":10,"column":null}},{"start":{},"end":{}}],"line":9},"2":{"loc":{"start":{"line":20,"column":2},"end":{"line":22,"column":null}},"type":"if","locations":[{"start":{"line":20,"column":2},"end":{"line":22,"column":null}},{"start":{},"end":{}}],"line":20},"3":{"loc":{"start":{"line":20,"column":6},"end":{"line":20,"column":55}},"type":"binary-expr","locations":[{"start":{"line":20,"column":6},"end":{"line":20,"column":24}},{"start":{"line":20,"column":24},"end":{"line":20,"column":55}}],"line":20}},"s":{"0":13,"1":13,"2":2,"3":2,"4":1,"5":2,"6":0,"7":13,"8":0,"9":0,"10":0,"11":0,"12":0},"f":{"0":2,"1":0,"2":0,"3":0},"b":{"0":[13,13],"1":[1,1],"2":[0,0],"3":[0,0]},"meta":{"lastBranch":4,"lastFunction":4,"lastStatement":13,"seen":{"s:3:12:5:2":0,"b:4:11:4:43:4:43:4:Infinity":0,"s:7:0:15:Infinity":1,"f:7:25:7:30":0,"s:8:16:8:52":2,"b:9:2:10:Infinity:undefined:undefined:undefined:undefined":1,"s:9:2:10:Infinity":3,"s:10:4:10:Infinity":4,"s:12:2:12:Infinity":5,"f:13:4:13:14":1,"s:14:2:14:Infinity":6,"s:17:0:25:Infinity":7,"f:17:26:17:31":2,"s:18:2:18:Infinity":8,"f:19:4:19:14":3,"b:20:2:22:Infinity:undefined:undefined:undefined:undefined":2,"s:20:2:22:Infinity":9,"b:20:6:20:24:20:24:20:55":3,"s:21:4:21:Infinity":10,"s:22:4:22:Infinity":11,"s:24:2:24:Infinity":12}}}
,"D:\\game_aggregator_diplom\\frontend\\src\\api\\dashboard.js": {"path":"D:\\game_aggregator_diplom\\frontend\\src\\api\\dashboard.js","statementMap":{"0":{"start":{"line":3,"column":24},"end":{"line":5,"column":null}},"1":{"start":{"line":4,"column":19},"end":{"line":4,"column":43}},"2":{"start":{"line":5,"column":2},"end":{"line":5,"column":null}},"3":{"start":{"line":8,"column":31},"end":{"line":10,"column":null}},"4":{"start":{"line":9,"column":19},"end":{"line":9,"column":59}},"5":{"start":{"line":10,"column":2},"end":{"line":10,"column":null}},"6":{"start":{"line":13,"column":34},"end":{"line":15,"column":null}},"7":{"start":{"line":14,"column":19},"end":{"line":14,"column":66}},"8":{"start":{"line":15,"column":2},"end":{"line":15,"column":null}}},"fnMap":{"0":{"name":"(anonymous_0)","decl":{"start":{"line":3,"column":24},"end":{"line":3,"column":36}},"loc":{"start":{"line":3,"column":36},"end":{"line":5,"column":null}},"line":3},"1":{"name":"(anonymous_1)","decl":{"start":{"line":8,"column":31},"end":{"line":8,"column":43}},"loc":{"start":{"line":8,"column":43},"end":{"line":10,"column":null}},"line":8},"2":{"name":"(anonymous_2)","decl":{"start":{"line":13,"column":34},"end":{"line":13,"column":46}},"loc":{"start":{"line":13,"column":46},"end":{"line":15,"column":null}},"line":13}},"branchMap":{},"s":{"0":4,"1":1,"2":1,"3":4,"4":1,"5":1,"6":4,"7":1,"8":1},"f":{"0":1,"1":1,"2":1},"b":{},"meta":{"lastBranch":0,"lastFunction":3,"lastStatement":9,"seen":{"s:3:24:5:Infinity":0,"f:3:24:3:36":0,"s:4:19:4:43":1,"s:5:2:5:Infinity":2,"s:8:31:10:Infinity":3,"f:8:31:8:43":1,"s:9:19:9:59":4,"s:10:2:10:Infinity":5,"s:13:34:15:Infinity":6,"f:13:34:13:46":2,"s:14:19:14:66":7,"s:15:2:15:Infinity":8}}}
,"D:\\game_aggregator_diplom\\frontend\\src\\api\\games.js": {"path":"D:\\game_aggregator_diplom\\frontend\\src\\api\\games.js","statementMap":{"0":{"start":{"line":3,"column":24},"end":{"line":6,"column":null}},"1":{"start":{"line":4,"column":14},"end":{"line":4,"column":null}},"2":{"start":{"line":5,"column":19},"end":{"line":5,"column":37}},"3":{"start":{"line":6,"column":2},"end":{"line":6,"column":null}},"4":{"start":{"line":9,"column":30},"end":{"line":11,"column":null}},"5":{"start":{"line":10,"column":19},"end":{"line":10,"column":49}},"6":{"start":{"line":11,"column":2},"end":{"line":11,"column":null}}},"fnMap":{"0":{"name":"(anonymous_0)","decl":{"start":{"line":3,"column":24},"end":{"line":3,"column":31}},"loc":{"start":{"line":3,"column":47},"end":{"line":6,"column":null}},"line":3},"1":{"name":"(anonymous_1)","decl":{"start":{"line":9,"column":30},"end":{"line":9,"column":37}},"loc":{"start":{"line":9,"column":44},"end":{"line":11,"column":null}},"line":9}},"branchMap":{"0":{"loc":{"start":{"line":3,"column":31},"end":{"line":3,"column":47}},"type":"default-arg","locations":[{"start":{"line":3,"column":40},"end":{"line":3,"column":47}}],"line":3},"1":{"loc":{"start":{"line":4,"column":14},"end":{"line":4,"column":null}},"type":"cond-expr","locations":[{"start":{"line":4,"column":23},"end":{"line":4,"column":72}},{"start":{"line":4,"column":72},"end":{"line":4,"column":null}}],"line":4}},"s":{"0":3,"1":2,"2":2,"3":2,"4":3,"5":1,"6":1},"f":{"0":2,"1":1},"b":{"0":[2],"1":[1,1]},"meta":{"lastBranch":2,"lastFunction":2,"lastStatement":7,"seen":{"s:3:24:6:Infinity":0,"f:3:24:3:31":0,"b:3:40:3:47":0,"s:4:14:4:Infinity":1,"b:4:23:4:72:4:72:4:Infinity":1,"s:5:19:5:37":2,"s:6:2:6:Infinity":3,"s:9:30:11:Infinity":4,"f:9:30:9:37":1,"s:10:19:10:49":5,"s:11:2:11:Infinity":6}}}
,"D:\\game_aggregator_diplom\\frontend\\src\\api\\sessions.js": {"path":"D:\\game_aggregator_diplom\\frontend\\src\\api\\sessions.js","statementMap":{"0":{"start":{"line":3,"column":31},"end":{"line":5,"column":null}},"1":{"start":{"line":4,"column":19},"end":{"line":4,"column":46}},"2":{"start":{"line":5,"column":2},"end":{"line":5,"column":null}}},"fnMap":{"0":{"name":"(anonymous_0)","decl":{"start":{"line":3,"column":31},"end":{"line":3,"column":43}},"loc":{"start":{"line":3,"column":43},"end":{"line":5,"column":null}},"line":3}},"branchMap":{},"s":{"0":2,"1":1,"2":1},"f":{"0":1},"b":{},"meta":{"lastBranch":0,"lastFunction":1,"lastStatement":3,"seen":{"s:3:31:5:Infinity":0,"f:3:31:3:43":0,"s:4:19:4:46":1,"s:5:2:5:Infinity":2}}}
,"D:\\game_aggregator_diplom\\frontend\\src\\api\\users.js": {"path":"D:\\game_aggregator_diplom\\frontend\\src\\api\\users.js","statementMap":{"0":{"start":{"line":3,"column":26},"end":{"line":5,"column":null}},"1":{"start":{"line":4,"column":19},"end":{"line":4,"column":51}},"2":{"start":{"line":5,"column":2},"end":{"line":5,"column":null}},"3":{"start":{"line":8,"column":29},"end":{"line":10,"column":null}},"4":{"start":{"line":9,"column":19},"end":{"line":9,"column":57}},"5":{"start":{"line":10,"column":2},"end":{"line":10,"column":null}},"6":{"start":{"line":13,"column":30},"end":{"line":15,"column":null}},"7":{"start":{"line":14,"column":19},"end":{"line":14,"column":66}},"8":{"start":{"line":15,"column":2},"end":{"line":15,"column":null}}},"fnMap":{"0":{"name":"(anonymous_0)","decl":{"start":{"line":3,"column":26},"end":{"line":3,"column":38}},"loc":{"start":{"line":3,"column":38},"end":{"line":5,"column":null}},"line":3},"1":{"name":"(anonymous_1)","decl":{"start":{"line":8,"column":29},"end":{"line":8,"column":36}},"loc":{"start":{"line":8,"column":45},"end":{"line":10,"column":null}},"line":8},"2":{"name":"(anonymous_2)","decl":{"start":{"line":13,"column":30},"end":{"line":13,"column":37}},"loc":{"start":{"line":13,"column":46},"end":{"line":15,"column":null}},"line":13}},"branchMap":{},"s":{"0":2,"1":1,"2":1,"3":2,"4":1,"5":1,"6":2,"7":1,"8":1},"f":{"0":1,"1":1,"2":1},"b":{},"meta":{"lastBranch":0,"lastFunction":3,"lastStatement":9,"seen":{"s:3:26:5:Infinity":0,"f:3:26:3:38":0,"s:4:19:4:51":1,"s:5:2:5:Infinity":2,"s:8:29:10:Infinity":3,"f:8:29:8:36":1,"s:9:19:9:57":4,"s:10:2:10:Infinity":5,"s:13:30:15:Infinity":6,"f:13:30:13:37":2,"s:14:19:14:66":7,"s:15:2:15:Infinity":8}}}
,"D:\\game_aggregator_diplom\\frontend\\src\\api\\videos.js": {"path":"D:\\game_aggregator_diplom\\frontend\\src\\api\\videos.js","statementMap":{"0":{"start":{"line":3,"column":25},"end":{"line":5,"column":null}},"1":{"start":{"line":4,"column":19},"end":{"line":4,"column":44}},"2":{"start":{"line":5,"column":2},"end":{"line":5,"column":null}}},"fnMap":{"0":{"name":"(anonymous_0)","decl":{"start":{"line":3,"column":25},"end":{"line":3,"column":37}},"loc":{"start":{"line":3,"column":37},"end":{"line":5,"column":null}},"line":3}},"branchMap":{},"s":{"0":1,"1":1,"2":1},"f":{"0":1},"b":{},"meta":{"lastBranch":0,"lastFunction":1,"lastStatement":3,"seen":{"s:3:25:5:Infinity":0,"f:3:25:3:37":0,"s:4:19:4:44":1,"s:5:2:5:Infinity":2}}}
,"D:\\game_aggregator_diplom\\frontend\\src\\components\\ProtectedRoute.jsx": {"path":"D:\\game_aggregator_diplom\\frontend\\src\\components\\ProtectedRoute.jsx","statementMap":{"0":{"start":{"line":5,"column":6},"end":{"line":16,"column":null}},"1":{"start":{"line":6,"column":27},"end":{"line":6,"column":62}},"2":{"start":{"line":8,"column":2},"end":{"line":9,"column":null}},"3":{"start":{"line":9,"column":4},"end":{"line":9,"column":null}},"4":{"start":{"line":12,"column":2},"end":{"line":13,"column":null}},"5":{"start":{"line":13,"column":4},"end":{"line":13,"column":null}},"6":{"start":{"line":16,"column":2},"end":{"line":16,"column":null}}},"fnMap":{"0":{"name":"(anonymous_0)","decl":{"start":{"line":5,"column":6},"end":{"line":5,"column":24}},"loc":{"start":{"line":5,"column":41},"end":{"line":16,"column":null}},"line":5}},"branchMap":{"0":{"loc":{"start":{"line":8,"column":2},"end":{"line":9,"column":null}},"type":"if","locations":[{"start":{"line":8,"column":2},"end":{"line":9,"column":null}},{"start":{},"end":{}}],"line":8},"1":{"loc":{"start":{"line":12,"column":2},"end":{"line":13,"column":null}},"type":"if","locations":[{"start":{"line":12,"column":2},"end":{"line":13,"column":null}},{"start":{},"end":{}}],"line":12}},"s":{"0":2,"1":9,"2":9,"3":0,"4":9,"5":3,"6":6},"f":{"0":9},"b":{"0":[0,9],"1":[3,6]},"meta":{"lastBranch":2,"lastFunction":1,"lastStatement":7,"seen":{"s:5:6:16:Infinity":0,"f:5:6:5:24":0,"s:6:27:6:62":1,"b:8:2:9:Infinity:undefined:undefined:undefined:undefined":0,"s:8:2:9:Infinity":2,"s:9:4:9:Infinity":3,"b:12:2:13:Infinity:undefined:undefined:undefined:undefined":1,"s:12:2:13:Infinity":4,"s:13:4:13:Infinity":5,"s:16:2:16:Infinity":6}}}
,"D:\\game_aggregator_diplom\\frontend\\src\\components\\auth\\AuthLayout.jsx": {"path":"D:\\game_aggregator_diplom\\frontend\\src\\components\\auth\\AuthLayout.jsx","statementMap":{"0":{"start":{"line":4,"column":6},"end":{"line":57,"column":null}},"1":{"start":{"line":5,"column":2},"end":{"line":57,"column":null}}},"fnMap":{"0":{"name":"(anonymous_0)","decl":{"start":{"line":4,"column":6},"end":{"line":4,"column":20}},"loc":{"start":{"line":4,"column":44},"end":{"line":57,"column":null}},"line":4}},"branchMap":{},"s":{"0":4,"1":168},"f":{"0":168},"b":{},"meta":{"lastBranch":0,"lastFunction":1,"lastStatement":2,"seen":{"s:4:6:57:Infinity":0,"f:4:6:4:20":0,"s:5:2:57:Infinity":1}}}
,"D:\\game_aggregator_diplom\\frontend\\src\\components\\auth\\FormInput.jsx": {"path":"D:\\game_aggregator_diplom\\frontend\\src\\components\\auth\\FormInput.jsx","statementMap":{"0":{"start":{"line":3,"column":6},"end":{"line":27,"column":null}},"1":{"start":{"line":4,"column":2},"end":{"line":27,"column":null}}},"fnMap":{"0":{"name":"(anonymous_0)","decl":{"start":{"line":3,"column":6},"end":{"line":3,"column":19}},"loc":{"start":{"line":3,"column":69},"end":{"line":27,"column":null}},"line":3}},"branchMap":{"0":{"loc":{"start":{"line":3,"column":32},"end":{"line":3,"column":47}},"type":"default-arg","locations":[{"start":{"line":3,"column":39},"end":{"line":3,"column":47}}],"line":3},"1":{"loc":{"start":{"line":16,"column":10},"end":{"line":18,"column":null}},"type":"cond-expr","locations":[{"start":{"line":17,"column":14},"end":{"line":17,"column":null}},{"start":{"line":18,"column":14},"end":{"line":18,"column":null}}],"line":16},"2":{"loc":{"start":{"line":20,"column":22},"end":{"line":20,"column":null}},"type":"cond-expr","locations":[{"start":{"line":20,"column":30},"end":{"line":20,"column":39}},{"start":{"line":20,"column":39},"end":{"line":20,"column":null}}],"line":20},"3":{"loc":{"start":{"line":21,"column":26},"end":{"line":21,"column":null}},"type":"cond-expr","locations":[{"start":{"line":21,"column":34},"end":{"line":21,"column":50}},{"start":{"line":21,"column":50},"end":{"line":21,"column":null}}],"line":21},"4":{"loc":{"start":{"line":24,"column":7},"end":{"line":27,"column":null}},"type":"binary-expr","locations":[{"start":{"line":24,"column":7},"end":{"line":24,"column":null}},{"start":{"line":25,"column":8},"end":{"line":27,"column":null}}],"line":24}},"s":{"0":5,"1":857},"f":{"0":857},"b":{"0":[857],"1":[44,813],"2":[44,813],"3":[44,813],"4":[857,44]},"meta":{"lastBranch":5,"lastFunction":1,"lastStatement":2,"seen":{"s:3:6:27:Infinity":0,"f:3:6:3:19":0,"b:3:39:3:47":0,"s:4:2:27:Infinity":1,"b:17:14:17:Infinity:18:14:18:Infinity":1,"b:20:30:20:39:20:39:20:Infinity":2,"b:21:34:21:50:21:50:21:Infinity":3,"b:24:7:24:Infinity:25:8:27:Infinity":4}}}
,"D:\\game_aggregator_diplom\\frontend\\src\\components\\auth\\PasswordInput.jsx": {"path":"D:\\game_aggregator_diplom\\frontend\\src\\components\\auth\\PasswordInput.jsx","statementMap":{"0":{"start":{"line":4,"column":6},"end":{"line":28,"column":null}},"1":{"start":{"line":5,"column":23},"end":{"line":5,"column":57}},"2":{"start":{"line":7,"column":8},"end":{"line":8,"column":null}},"3":{"start":{"line":8,"column":4},"end":{"line":8,"column":null}},"4":{"start":{"line":11,"column":2},"end":{"line":28,"column":null}}},"fnMap":{"0":{"name":"(anonymous_0)","decl":{"start":{"line":4,"column":6},"end":{"line":4,"column":23}},"loc":{"start":{"line":4,"column":64},"end":{"line":28,"column":null}},"line":4},"1":{"name":"(anonymous_1)","decl":{"start":{"line":7,"column":8},"end":{"line":7,"column":33}},"loc":{"start":{"line":7,"column":33},"end":{"line":8,"column":null}},"line":7}},"branchMap":{"0":{"loc":{"start":{"line":4,"column":29},"end":{"line":4,"column":49}},"type":"default-arg","locations":[{"start":{"line":4,"column":37},"end":{"line":4,"column":49}}],"line":4},"1":{"loc":{"start":{"line":16,"column":14},"end":{"line":16,"column":null}},"type":"cond-expr","locations":[{"start":{"line":16,"column":29},"end":{"line":16,"column":38}},{"start":{"line":16,"column":38},"end":{"line":16,"column":null}}],"line":16},"2":{"loc":{"start":{"line":23,"column":10},"end":{"line":23,"column":null}},"type":"cond-expr","locations":[{"start":{"line":23,"column":24},"end":{"line":23,"column":39}},{"start":{"line":23,"column":39},"end":{"line":23,"column":null}}],"line":23},"3":{"loc":{"start":{"line":25,"column":20},"end":{"line":25,"column":null}},"type":"cond-expr","locations":[{"start":{"line":25,"column":35},"end":{"line":25,"column":53}},{"start":{"line":25,"column":53},"end":{"line":25,"column":null}}],"line":25},"4":{"loc":{"start":{"line":27,"column":9},"end":{"line":27,"column":null}},"type":"cond-expr","locations":[{"start":{"line":27,"column":24},"end":{"line":27,"column":31}},{"start":{"line":27,"column":31},"end":{"line":27,"column":null}}],"line":27}},"s":{"0":5,"1":395,"2":395,"3":2,"4":395},"f":{"0":395,"1":2},"b":{"0":[395],"1":[1,394],"2":[43,352],"3":[1,394],"4":[1,394]},"meta":{"lastBranch":5,"lastFunction":2,"lastStatement":5,"seen":{"s:4:6:28:Infinity":0,"f:4:6:4:23":0,"b:4:37:4:49":0,"s:5:23:5:57":1,"s:7:8:8:Infinity":2,"f:7:8:7:33":1,"s:8:4:8:Infinity":3,"s:11:2:28:Infinity":4,"b:16:29:16:38:16:38:16:Infinity":1,"b:23:24:23:39:23:39:23:Infinity":2,"b:25:35:25:53:25:53:25:Infinity":3,"b:27:24:27:31:27:31:27:Infinity":4}}}
,"D:\\game_aggregator_diplom\\frontend\\src\\components\\dashboard\\AchievementItem.jsx": {"path":"D:\\game_aggregator_diplom\\frontend\\src\\components\\dashboard\\AchievementItem.jsx","statementMap":{"0":{"start":{"line":3,"column":6},"end":{"line":18,"column":null}},"1":{"start":{"line":4,"column":2},"end":{"line":4,"column":null}},"2":{"start":{"line":4,"column":13},"end":{"line":4,"column":null}},"3":{"start":{"line":6,"column":37},"end":{"line":6,"column":null}},"4":{"start":{"line":7,"column":15},"end":{"line":7,"column":55}},"5":{"start":{"line":9,"column":2},"end":{"line":18,"column":null}}},"fnMap":{"0":{"name":"(anonymous_0)","decl":{"start":{"line":3,"column":6},"end":{"line":3,"column":25}},"loc":{"start":{"line":3,"column":38},"end":{"line":18,"column":null}},"line":3}},"branchMap":{"0":{"loc":{"start":{"line":4,"column":2},"end":{"line":4,"column":null}},"type":"if","locations":[{"start":{"line":4,"column":2},"end":{"line":4,"column":null}},{"start":{},"end":{}}],"line":4}},"s":{"0":4,"1":5,"2":1,"3":4,"4":4,"5":4},"f":{"0":5},"b":{"0":[1,4]},"meta":{"lastBranch":1,"lastFunction":1,"lastStatement":6,"seen":{"s:3:6:18:Infinity":0,"f:3:6:3:25":0,"b:4:2:4:Infinity:undefined:undefined:undefined:undefined":0,"s:4:2:4:Infinity":1,"s:4:13:4:Infinity":2,"s:6:37:6:Infinity":3,"s:7:15:7:55":4,"s:9:2:18:Infinity":5}}}
,"D:\\game_aggregator_diplom\\frontend\\src\\components\\dashboard\\AchievementList.jsx": {"path":"D:\\game_aggregator_diplom\\frontend\\src\\components\\dashboard\\AchievementList.jsx","statementMap":{"0":{"start":{"line":4,"column":6},"end":{"line":20,"column":null}},"1":{"start":{"line":5,"column":2},"end":{"line":20,"column":null}},"2":{"start":{"line":18,"column":12},"end":{"line":18,"column":null}}},"fnMap":{"0":{"name":"(anonymous_0)","decl":{"start":{"line":4,"column":6},"end":{"line":4,"column":25}},"loc":{"start":{"line":4,"column":46},"end":{"line":20,"column":null}},"line":4},"1":{"name":"(anonymous_1)","decl":{"start":{"line":17,"column":24},"end":{"line":17,"column":29}},"loc":{"start":{"line":18,"column":12},"end":{"line":18,"column":null}},"line":18}},"branchMap":{"0":{"loc":{"start":{"line":11,"column":7},"end":{"line":20,"column":null}},"type":"cond-expr","locations":[{"start":{"line":12,"column":8},"end":{"line":16,"column":9}},{"start":{"line":16,"column":8},"end":{"line":20,"column":null}}],"line":11},"1":{"loc":{"start":{"line":11,"column":7},"end":{"line":11,"column":null}},"type":"binary-expr","locations":[{"start":{"line":11,"column":7},"end":{"line":11,"column":24}},{"start":{"line":11,"column":24},"end":{"line":11,"column":null}}],"line":11}},"s":{"0":3,"1":4,"2":3},"f":{"0":4,"1":3},"b":{"0":[2,2],"1":[4,3]},"meta":{"lastBranch":2,"lastFunction":2,"lastStatement":3,"seen":{"s:4:6:20:Infinity":0,"f:4:6:4:25":0,"s:5:2:20:Infinity":1,"b:12:8:16:9:16:8:20:Infinity":0,"b:11:7:11:24:11:24:11:Infinity":1,"f:17:24:17:29":1,"s:18:12:18:Infinity":2}}}
,"D:\\game_aggregator_diplom\\frontend\\src\\components\\dashboard\\RecommendationCard.jsx": {"path":"D:\\game_aggregator_diplom\\frontend\\src\\components\\dashboard\\RecommendationCard.jsx","statementMap":{"0":{"start":{"line":3,"column":6},"end":{"line":40,"column":null}},"1":{"start":{"line":4,"column":2},"end":{"line":4,"column":null}},"2":{"start":{"line":4,"column":13},"end":{"line":4,"column":null}},"3":{"start":{"line":6,"column":21},"end":{"line":6,"column":null}},"4":{"start":{"line":7,"column":20},"end":{"line":7,"column":null}},"5":{"start":{"line":9,"column":2},"end":{"line":40,"column":null}}},"fnMap":{"0":{"name":"(anonymous_0)","decl":{"start":{"line":3,"column":6},"end":{"line":3,"column":28}},"loc":{"start":{"line":3,"column":41},"end":{"line":40,"column":null}},"line":3}},"branchMap":{"0":{"loc":{"start":{"line":4,"column":2},"end":{"line":4,"column":null}},"type":"if","locations":[{"start":{"line":4,"column":2},"end":{"line":4,"column":null}},{"start":{},"end":{}}],"line":4},"1":{"loc":{"start":{"line":6,"column":21},"end":{"line":6,"column":null}},"type":"binary-expr","locations":[{"start":{"line":6,"column":21},"end":{"line":6,"column":42}},{"start":{"line":6,"column":42},"end":{"line":6,"column":null}}],"line":6},"2":{"loc":{"start":{"line":7,"column":20},"end":{"line":7,"column":null}},"type":"binary-expr","locations":[{"start":{"line":7,"column":20},"end":{"line":7,"column":40}},{"start":{"line":7,"column":40},"end":{"line":7,"column":null}}],"line":7},"3":{"loc":{"start":{"line":11,"column":12},"end":{"line":11,"column":null}},"type":"binary-expr","locations":[{"start":{"line":11,"column":12},"end":{"line":11,"column":24}},{"start":{"line":11,"column":24},"end":{"line":11,"column":null}}],"line":11},"4":{"loc":{"start":{"line":17,"column":9},"end":{"line":28,"column":9}},"type":"cond-expr","locations":[{"start":{"line":18,"column":10},"end":{"line":24,"column":11}},{"start":{"line":24,"column":10},"end":{"line":28,"column":9}}],"line":17},"5":{"loc":{"start":{"line":37,"column":11},"end":{"line":40,"column":null}},"type":"binary-expr","locations":[{"start":{"line":37,"column":11},"end":{"line":37,"column":null}},{"start":{"line":38,"column":12},"end":{"line":40,"column":null}}],"line":37}},"s":{"0":4,"1":6,"2":1,"3":5,"4":6,"5":6},"f":{"0":6},"b":{"0":[1,5],"1":[5,4],"2":[6,4],"3":[6,4],"4":[1,4],"5":[6,1]},"meta":{"lastBranch":6,"lastFunction":1,"lastStatement":6,"seen":{"s:3:6:40:Infinity":0,"f:3:6:3:28":0,"b:4:2:4:Infinity:undefined:undefined:undefined:undefined":0,"s:4:2:4:Infinity":1,"s:4:13:4:Infinity":2,"s:6:21:6:Infinity":3,"b:6:21:6:42:6:42:6:Infinity":1,"s:7:20:7:Infinity":4,"b:7:20:7:40:7:40:7:Infinity":2,"s:9:2:40:Infinity":5,"b:11:12:11:24:11:24:11:Infinity":3,"b:18:10:24:11:24:10:28:9":4,"b:37:11:37:Infinity:38:12:40:Infinity":5}}}
,"D:\\game_aggregator_diplom\\frontend\\src\\components\\dashboard\\RecommendationGrid.jsx": {"path":"D:\\game_aggregator_diplom\\frontend\\src\\components\\dashboard\\RecommendationGrid.jsx","statementMap":{"0":{"start":{"line":4,"column":6},"end":{"line":20,"column":null}},"1":{"start":{"line":5,"column":2},"end":{"line":20,"column":null}},"2":{"start":{"line":18,"column":12},"end":{"line":18,"column":null}}},"fnMap":{"0":{"name":"(anonymous_0)","decl":{"start":{"line":4,"column":6},"end":{"line":4,"column":28}},"loc":{"start":{"line":4,"column":52},"end":{"line":20,"column":null}},"line":4},"1":{"name":"(anonymous_1)","decl":{"start":{"line":17,"column":27},"end":{"line":17,"column":32}},"loc":{"start":{"line":18,"column":12},"end":{"line":18,"column":null}},"line":18}},"branchMap":{"0":{"loc":{"start":{"line":11,"column":7},"end":{"line":20,"column":null}},"type":"cond-expr","locations":[{"start":{"line":12,"column":8},"end":{"line":16,"column":9}},{"start":{"line":16,"column":8},"end":{"line":20,"column":null}}],"line":11},"1":{"loc":{"start":{"line":11,"column":7},"end":{"line":11,"column":null}},"type":"binary-expr","locations":[{"start":{"line":11,"column":7},"end":{"line":11,"column":27}},{"start":{"line":11,"column":27},"end":{"line":11,"column":null}}],"line":11}},"s":{"0":3,"1":4,"2":3},"f":{"0":4,"1":3},"b":{"0":[2,2],"1":[4,3]},"meta":{"lastBranch":2,"lastFunction":2,"lastStatement":3,"seen":{"s:4:6:20:Infinity":0,"f:4:6:4:28":0,"s:5:2:20:Infinity":1,"b:12:8:16:9:16:8:20:Infinity":0,"b:11:7:11:27:11:27:11:Infinity":1,"f:17:27:17:32":1,"s:18:12:18:Infinity":2}}}
,"D:\\game_aggregator_diplom\\frontend\\src\\components\\dashboard\\StatsCard.jsx": {"path":"D:\\game_aggregator_diplom\\frontend\\src\\components\\dashboard\\StatsCard.jsx","statementMap":{"0":{"start":{"line":3,"column":6},"end":{"line":12,"column":null}},"1":{"start":{"line":4,"column":2},"end":{"line":12,"column":null}}},"fnMap":{"0":{"name":"(anonymous_0)","decl":{"start":{"line":3,"column":6},"end":{"line":3,"column":19}},"loc":{"start":{"line":3,"column":46},"end":{"line":12,"column":null}},"line":3}},"branchMap":{"0":{"loc":{"start":{"line":12,"column":7},"end":{"line":12,"column":null}},"type":"binary-expr","locations":[{"start":{"line":12,"column":7},"end":{"line":12,"column":15}},{"start":{"line":12,"column":15},"end":{"line":12,"column":null}}],"line":12}},"s":{"0":4,"1":15},"f":{"0":15},"b":{"0":[15,1]},"meta":{"lastBranch":1,"lastFunction":1,"lastStatement":2,"seen":{"s:3:6:12:Infinity":0,"f:3:6:3:19":0,"s:4:2:12:Infinity":1,"b:12:7:12:15:12:15:12:Infinity":0}}}
,"D:\\game_aggregator_diplom\\frontend\\src\\components\\dashboard\\StatsGrid.jsx": {"path":"D:\\game_aggregator_diplom\\frontend\\src\\components\\dashboard\\StatsGrid.jsx","statementMap":{"0":{"start":{"line":4,"column":6},"end":{"line":15,"column":null}},"1":{"start":{"line":5,"column":2},"end":{"line":5,"column":null}},"2":{"start":{"line":5,"column":14},"end":{"line":5,"column":null}},"3":{"start":{"line":7,"column":72},"end":{"line":7,"column":null}},"4":{"start":{"line":8,"column":19},"end":{"line":8,"column":null}},"5":{"start":{"line":10,"column":2},"end":{"line":15,"column":null}}},"fnMap":{"0":{"name":"(anonymous_0)","decl":{"start":{"line":4,"column":6},"end":{"line":4,"column":19}},"loc":{"start":{"line":4,"column":33},"end":{"line":15,"column":null}},"line":4}},"branchMap":{"0":{"loc":{"start":{"line":5,"column":2},"end":{"line":5,"column":null}},"type":"if","locations":[{"start":{"line":5,"column":2},"end":{"line":5,"column":null}},{"start":{},"end":{}}],"line":5},"1":{"loc":{"start":{"line":8,"column":19},"end":{"line":8,"column":null}},"type":"cond-expr","locations":[{"start":{"line":8,"column":57},"end":{"line":8,"column":73}},{"start":{"line":8,"column":73},"end":{"line":8,"column":null}}],"line":8},"2":{"loc":{"start":{"line":8,"column":19},"end":{"line":8,"column":57}},"type":"binary-expr","locations":[{"start":{"line":8,"column":19},"end":{"line":8,"column":33}},{"start":{"line":8,"column":33},"end":{"line":8,"column":57}}],"line":8},"3":{"loc":{"start":{"line":12,"column":45},"end":{"line":12,"column":66}},"type":"binary-expr","locations":[{"start":{"line":12,"column":45},"end":{"line":12,"column":61}},{"start":{"line":12,"column":61},"end":{"line":12,"column":66}}],"line":12},"4":{"loc":{"start":{"line":13,"column":47},"end":{"line":13,"column":70}},"type":"binary-expr","locations":[{"start":{"line":13,"column":47},"end":{"line":13,"column":65}},{"start":{"line":13,"column":65},"end":{"line":13,"column":70}}],"line":13},"5":{"loc":{"start":{"line":14,"column":48},"end":{"line":14,"column":72}},"type":"binary-expr","locations":[{"start":{"line":14,"column":48},"end":{"line":14,"column":67}},{"start":{"line":14,"column":67},"end":{"line":14,"column":72}}],"line":14}},"s":{"0":3,"1":4,"2":1,"3":3,"4":3,"5":4},"f":{"0":4},"b":{"0":[1,3],"1":[1,2],"2":[3,2],"3":[4,0],"4":[4,0],"5":[4,1]},"meta":{"lastBranch":6,"lastFunction":1,"lastStatement":6,"seen":{"s:4:6:15:Infinity":0,"f:4:6:4:19":0,"b:5:2:5:Infinity:undefined:undefined:undefined:undefined":0,"s:5:2:5:Infinity":1,"s:5:14:5:Infinity":2,"s:7:72:7:Infinity":3,"s:8:19:8:Infinity":4,"b:8:57:8:73:8:73:8:Infinity":1,"b:8:19:8:33:8:33:8:57":2,"s:10:2:15:Infinity":5,"b:12:45:12:61:12:61:12:66":3,"b:13:47:13:65:13:65:13:70":4,"b:14:48:14:67:14:67:14:72":5}}}
,"D:\\game_aggregator_diplom\\frontend\\src\\components\\games\\GameCard.jsx": {"path":"D:\\game_aggregator_diplom\\frontend\\src\\components\\games\\GameCard.jsx","statementMap":{"0":{"start":{"line":4,"column":6},"end":{"line":34,"column":null}},"1":{"start":{"line":5,"column":2},"end":{"line":5,"column":null}},"2":{"start":{"line":5,"column":13},"end":{"line":5,"column":null}},"3":{"start":{"line":7,"column":2},"end":{"line":34,"column":null}}},"fnMap":{"0":{"name":"(anonymous_0)","decl":{"start":{"line":4,"column":6},"end":{"line":4,"column":18}},"loc":{"start":{"line":4,"column":31},"end":{"line":34,"column":null}},"line":4}},"branchMap":{"0":{"loc":{"start":{"line":5,"column":2},"end":{"line":5,"column":null}},"type":"if","locations":[{"start":{"line":5,"column":2},"end":{"line":5,"column":null}},{"start":{},"end":{}}],"line":5},"1":{"loc":{"start":{"line":13,"column":9},"end":{"line":25,"column":9}},"type":"cond-expr","locations":[{"start":{"line":14,"column":10},"end":{"line":20,"column":11}},{"start":{"line":20,"column":10},"end":{"line":25,"column":9}}],"line":13},"2":{"loc":{"start":{"line":33,"column":11},"end":{"line":33,"column":null}},"type":"binary-expr","locations":[{"start":{"line":33,"column":11},"end":{"line":33,"column":29}},{"start":{"line":33,"column":29},"end":{"line":33,"column":null}}],"line":33}},"s":{"0":2,"1":19,"2":0,"3":19},"f":{"0":19},"b":{"0":[0,19],"1":[3,16],"2":[19,0]},"meta":{"lastBranch":3,"lastFunction":1,"lastStatement":4,"seen":{"s:4:6:34:Infinity":0,"f:4:6:4:18":0,"b:5:2:5:Infinity:undefined:undefined:undefined:undefined":0,"s:5:2:5:Infinity":1,"s:5:13:5:Infinity":2,"s:7:2:34:Infinity":3,"b:14:10:20:11:20:10:25:9":1,"b:33:11:33:29:33:29:33:Infinity":2}}}
,"D:\\game_aggregator_diplom\\frontend\\src\\components\\layout\\Footer.jsx": {"path":"D:\\game_aggregator_diplom\\frontend\\src\\components\\layout\\Footer.jsx","statementMap":{"0":{"start":{"line":3,"column":6},"end":{"line":7,"column":null}},"1":{"start":{"line":4,"column":2},"end":{"line":7,"column":null}}},"fnMap":{"0":{"name":"(anonymous_0)","decl":{"start":{"line":3,"column":6},"end":{"line":3,"column":21}},"loc":{"start":{"line":3,"column":21},"end":{"line":7,"column":null}},"line":3}},"branchMap":{},"s":{"0":3,"1":15},"f":{"0":15},"b":{},"meta":{"lastBranch":0,"lastFunction":1,"lastStatement":2,"seen":{"s:3:6:7:Infinity":0,"f:3:6:3:21":0,"s:4:2:7:Infinity":1}}}
,"D:\\game_aggregator_diplom\\frontend\\src\\components\\layout\\Header.jsx": {"path":"D:\\game_aggregator_diplom\\frontend\\src\\components\\layout\\Header.jsx","statementMap":{"0":{"start":{"line":4,"column":6},"end":{"line":20,"column":null}},"1":{"start":{"line":5,"column":2},"end":{"line":20,"column":null}}},"fnMap":{"0":{"name":"(anonymous_0)","decl":{"start":{"line":4,"column":6},"end":{"line":4,"column":21}},"loc":{"start":{"line":4,"column":21},"end":{"line":20,"column":null}},"line":4}},"branchMap":{},"s":{"0":3,"1":16},"f":{"0":16},"b":{},"meta":{"lastBranch":0,"lastFunction":1,"lastStatement":2,"seen":{"s:4:6:20:Infinity":0,"f:4:6:4:21":0,"s:5:2:20:Infinity":1}}}
,"D:\\game_aggregator_diplom\\frontend\\src\\components\\layout\\MainLayout.jsx": {"path":"D:\\game_aggregator_diplom\\frontend\\src\\components\\layout\\MainLayout.jsx","statementMap":{"0":{"start":{"line":6,"column":6},"end":{"line":16,"column":null}},"1":{"start":{"line":7,"column":2},"end":{"line":16,"column":null}}},"fnMap":{"0":{"name":"(anonymous_0)","decl":{"start":{"line":6,"column":6},"end":{"line":6,"column":20}},"loc":{"start":{"line":6,"column":37},"end":{"line":16,"column":null}},"line":6}},"branchMap":{},"s":{"0":3,"1":14},"f":{"0":14},"b":{},"meta":{"lastBranch":0,"lastFunction":1,"lastStatement":2,"seen":{"s:6:6:16:Infinity":0,"f:6:6:6:20":0,"s:7:2:16:Infinity":1}}}
,"D:\\game_aggregator_diplom\\frontend\\src\\components\\layout\\Sidebar.jsx": {"path":"D:\\game_aggregator_diplom\\frontend\\src\\components\\layout\\Sidebar.jsx","statementMap":{"0":{"start":{"line":3,"column":6},"end":{"line":11,"column":null}},"1":{"start":{"line":4,"column":2},"end":{"line":11,"column":null}}},"fnMap":{"0":{"name":"(anonymous_0)","decl":{"start":{"line":3,"column":6},"end":{"line":3,"column":22}},"loc":{"start":{"line":3,"column":22},"end":{"line":11,"column":null}},"line":3}},"branchMap":{},"s":{"0":4,"1":17},"f":{"0":17},"b":{},"meta":{"lastBranch":0,"lastFunction":1,"lastStatement":2,"seen":{"s:3:6:11:Infinity":0,"f:3:6:3:22":0,"s:4:2:11:Infinity":1}}}
,"D:\\game_aggregator_diplom\\frontend\\src\\components\\profile\\SessionItem.jsx": {"path":"D:\\game_aggregator_diplom\\frontend\\src\\components\\profile\\SessionItem.jsx","statementMap":{"0":{"start":{"line":4,"column":6},"end":{"line":88,"column":null}},"1":{"start":{"line":5,"column":21},"end":{"line":5,"column":53}},"2":{"start":{"line":7,"column":2},"end":{"line":7,"column":null}},"3":{"start":{"line":7,"column":33},"end":{"line":7,"column":null}},"4":{"start":{"line":9,"column":76},"end":{"line":9,"column":null}},"5":{"start":{"line":11,"column":24},"end":{"line":15,"column":4}},"6":{"start":{"line":17,"column":16},"end":{"line":17,"column":49}},"7":{"start":{"line":18,"column":18},"end":{"line":18,"column":null}},"8":{"start":{"line":19,"column":28},"end":{"line":19,"column":null}},"9":{"start":{"line":21,"column":2},"end":{"line":88,"column":null}},"10":{"start":{"line":25,"column":23},"end":{"line":25,"column":49}},"11":{"start":{"line":41,"column":110},"end":{"line":41,"column":129}},"12":{"start":{"line":69,"column":24},"end":{"line":71,"column":null}}},"fnMap":{"0":{"name":"(anonymous_0)","decl":{"start":{"line":4,"column":6},"end":{"line":4,"column":21}},"loc":{"start":{"line":4,"column":37},"end":{"line":88,"column":null}},"line":4},"1":{"name":"(anonymous_1)","decl":{"start":{"line":25,"column":8},"end":{"line":25,"column":23}},"loc":{"start":{"line":25,"column":23},"end":{"line":25,"column":49}},"line":25},"2":{"name":"(anonymous_2)","decl":{"start":{"line":41,"column":94},"end":{"line":41,"column":104}},"loc":{"start":{"line":41,"column":110},"end":{"line":41,"column":129}},"line":41},"3":{"name":"(anonymous_3)","decl":{"start":{"line":68,"column":26},"end":{"line":68,"column":31}},"loc":{"start":{"line":69,"column":24},"end":{"line":71,"column":null}},"line":69}},"branchMap":{"0":{"loc":{"start":{"line":7,"column":2},"end":{"line":7,"column":null}},"type":"if","locations":[{"start":{"line":7,"column":2},"end":{"line":7,"column":null}},{"start":{},"end":{}}],"line":7},"1":{"loc":{"start":{"line":7,"column":6},"end":{"line":7,"column":33}},"type":"binary-expr","locations":[{"start":{"line":7,"column":6},"end":{"line":7,"column":18}},{"start":{"line":7,"column":18},"end":{"line":7,"column":33}}],"line":7},"2":{"loc":{"start":{"line":30,"column":11},"end":{"line":33,"column":null}},"type":"cond-expr","locations":[{"start":{"line":31,"column":12},"end":{"line":33,"column":13}},{"start":{"line":33,"column":12},"end":{"line":33,"column":null}}],"line":30},"3":{"loc":{"start":{"line":46,"column":15},"end":{"line":48,"column":null}},"type":"binary-expr","locations":[{"start":{"line":46,"column":15},"end":{"line":46,"column":null}},{"start":{"line":47,"column":16},"end":{"line":48,"column":null}}],"line":46},"4":{"loc":{"start":{"line":66,"column":13},"end":{"line":73,"column":null}},"type":"binary-expr","locations":[{"start":{"line":66,"column":13},"end":{"line":66,"column":21}},{"start":{"line":66,"column":21},"end":{"line":66,"column":null}},{"start":{"line":67,"column":16},"end":{"line":73,"column":null}}],"line":66},"5":{"loc":{"start":{"line":80,"column":7},"end":{"line":83,"column":null}},"type":"binary-expr","locations":[{"start":{"line":80,"column":7},"end":{"line":80,"column":21}},{"start":{"line":80,"column":21},"end":{"line":80,"column":null}},{"start":{"line":81,"column":8},"end":{"line":83,"column":null}}],"line":80},"6":{"loc":{"start":{"line":85,"column":7},"end":{"line":88,"column":null}},"type":"binary-expr","locations":[{"start":{"line":85,"column":7},"end":{"line":85,"column":21}},{"start":{"line":85,"column":21},"end":{"line":85,"column":null}},{"start":{"line":86,"column":8},"end":{"line":88,"column":null}}],"line":85}},"s":{"0":2,"1":7,"2":7,"3":1,"4":6,"5":6,"6":6,"7":6,"8":6,"9":6,"10":0,"11":0,"12":8},"f":{"0":7,"1":0,"2":0,"3":8},"b":{"0":[1,6],"1":[7,6],"2":[3,3],"3":[7,4],"4":[7,4,4],"5":[7,0,0],"6":[7,0,0]},"meta":{"lastBranch":7,"lastFunction":4,"lastStatement":13,"seen":{"s:4:6:88:Infinity":0,"f:4:6:4:21":0,"s:5:21:5:53":1,"b:7:2:7:Infinity:undefined:undefined:undefined:undefined":0,"s:7:2:7:Infinity":2,"b:7:6:7:18:7:18:7:33":1,"s:7:33:7:Infinity":3,"s:9:76:9:Infinity":4,"s:11:24:15:4":5,"s:17:16:17:49":6,"s:18:18:18:Infinity":7,"s:19:28:19:Infinity":8,"s:21:2:88:Infinity":9,"f:25:8:25:23":1,"s:25:23:25:49":10,"b:31:12:33:13:33:12:33:Infinity":2,"f:41:94:41:104":2,"s:41:110:41:129":11,"b:46:15:46:Infinity:47:16:48:Infinity":3,"b:66:13:66:21:66:21:66:Infinity:67:16:73:Infinity":4,"f:68:26:68:31":3,"s:69:24:71:Infinity":12,"b:80:7:80:21:80:21:80:Infinity:81:8:83:Infinity":5,"b:85:7:85:21:85:21:85:Infinity:86:8:88:Infinity":6}}}
,"D:\\game_aggregator_diplom\\frontend\\src\\context\\AuthContext.jsx": {"path":"D:\\game_aggregator_diplom\\frontend\\src\\context\\AuthContext.jsx","statementMap":{"0":{"start":{"line":4,"column":13},"end":{"line":4,"column":42}},"1":{"start":{"line":6,"column":13},"end":{"line":36,"column":null}},"2":{"start":{"line":7,"column":26},"end":{"line":7,"column":63}},"3":{"start":{"line":8,"column":18},"end":{"line":8,"column":46}},"4":{"start":{"line":9,"column":8},"end":{"line":9,"column":32}},"5":{"start":{"line":11,"column":2},"end":{"line":17,"column":null}},"6":{"start":{"line":12,"column":18},"end":{"line":12,"column":54}},"7":{"start":{"line":13,"column":4},"end":{"line":14,"column":null}},"8":{"start":{"line":14,"column":6},"end":{"line":14,"column":null}},"9":{"start":{"line":16,"column":4},"end":{"line":16,"column":null}},"10":{"start":{"line":19,"column":8},"end":{"line":23,"column":null}},"11":{"start":{"line":20,"column":4},"end":{"line":20,"column":null}},"12":{"start":{"line":21,"column":4},"end":{"line":21,"column":null}},"13":{"start":{"line":22,"column":4},"end":{"line":22,"column":null}},"14":{"start":{"line":23,"column":4},"end":{"line":23,"column":null}},"15":{"start":{"line":26,"column":8},"end":{"line":30,"column":null}},"16":{"start":{"line":27,"column":4},"end":{"line":27,"column":null}},"17":{"start":{"line":28,"column":4},"end":{"line":28,"column":null}},"18":{"start":{"line":29,"column":4},"end":{"line":29,"column":null}},"19":{"start":{"line":30,"column":4},"end":{"line":30,"column":null}},"20":{"start":{"line":33,"column":2},"end":{"line":36,"column":null}}},"fnMap":{"0":{"name":"(anonymous_0)","decl":{"start":{"line":6,"column":13},"end":{"line":6,"column":29}},"loc":{"start":{"line":6,"column":46},"end":{"line":36,"column":null}},"line":6},"1":{"name":"(anonymous_1)","decl":{"start":{"line":11,"column":2},"end":{"line":11,"column":18}},"loc":{"start":{"line":11,"column":18},"end":{"line":17,"column":7}},"line":11},"2":{"name":"(anonymous_2)","decl":{"start":{"line":19,"column":8},"end":{"line":19,"column":17}},"loc":{"start":{"line":19,"column":37},"end":{"line":23,"column":null}},"line":19},"3":{"name":"(anonymous_3)","decl":{"start":{"line":26,"column":8},"end":{"line":26,"column":23}},"loc":{"start":{"line":26,"column":23},"end":{"line":30,"column":null}},"line":26}},"branchMap":{"0":{"loc":{"start":{"line":13,"column":4},"end":{"line":14,"column":null}},"type":"if","locations":[{"start":{"line":13,"column":4},"end":{"line":14,"column":null}},{"start":{},"end":{}}],"line":13},"1":{"loc":{"start":{"line":35,"column":7},"end":{"line":35,"column":null}},"type":"binary-expr","locations":[{"start":{"line":35,"column":7},"end":{"line":35,"column":19}},{"start":{"line":35,"column":19},"end":{"line":35,"column":null}}],"line":35}},"s":{"0":4,"1":4,"2":22,"3":22,"4":22,"5":22,"6":10,"7":10,"8":5,"9":10,"10":22,"11":0,"12":0,"13":0,"14":0,"15":22,"16":0,"17":0,"18":0,"19":0,"20":22},"f":{"0":22,"1":10,"2":0,"3":0},"b":{"0":[5,5],"1":[22,12]},"meta":{"lastBranch":2,"lastFunction":4,"lastStatement":21,"seen":{"s:4:13:4:42":0,"s:6:13:36:Infinity":1,"f:6:13:6:29":0,"s:7:26:7:63":2,"s:8:18:8:46":3,"s:9:8:9:32":4,"s:11:2:17:Infinity":5,"f:11:2:11:18":1,"s:12:18:12:54":6,"b:13:4:14:Infinity:undefined:undefined:undefined:undefined":0,"s:13:4:14:Infinity":7,"s:14:6:14:Infinity":8,"s:16:4:16:Infinity":9,"s:19:8:23:Infinity":10,"f:19:8:19:17":2,"s:20:4:20:Infinity":11,"s:21:4:21:Infinity":12,"s:22:4:22:Infinity":13,"s:23:4:23:Infinity":14,"s:26:8:30:Infinity":15,"f:26:8:26:23":3,"s:27:4:27:Infinity":16,"s:28:4:28:Infinity":17,"s:29:4:29:Infinity":18,"s:30:4:30:Infinity":19,"s:33:2:36:Infinity":20,"b:35:7:35:19:35:19:35:Infinity":1}}}
,"D:\\game_aggregator_diplom\\frontend\\src\\hooks\\useDashboardData.js": {"path":"D:\\game_aggregator_diplom\\frontend\\src\\hooks\\useDashboardData.js","statementMap":{"0":{"start":{"line":8,"column":6},"end":{"line":40,"column":null}},"1":{"start":{"line":9,"column":16},"end":{"line":9,"column":42}},"2":{"start":{"line":10,"column":23},"end":{"line":10,"column":54}},"3":{"start":{"line":11,"column":26},"end":{"line":11,"column":60}},"4":{"start":{"line":12,"column":18},"end":{"line":12,"column":46}},"5":{"start":{"line":13,"column":16},"end":{"line":13,"column":42}},"6":{"start":{"line":15,"column":2},"end":{"line":38,"column":null}},"7":{"start":{"line":16,"column":22},"end":{"line":33,"column":null}},"8":{"start":{"line":17,"column":6},"end":{"line":33,"column":null}},"9":{"start":{"line":18,"column":8},"end":{"line":18,"column":null}},"10":{"start":{"line":20,"column":10},"end":{"line":24,"column":12}},"11":{"start":{"line":25,"column":8},"end":{"line":25,"column":null}},"12":{"start":{"line":26,"column":8},"end":{"line":26,"column":null}},"13":{"start":{"line":27,"column":8},"end":{"line":27,"column":null}},"14":{"start":{"line":28,"column":8},"end":{"line":28,"column":null}},"15":{"start":{"line":30,"column":8},"end":{"line":30,"column":null}},"16":{"start":{"line":31,"column":8},"end":{"line":31,"column":null}},"17":{"start":{"line":33,"column":8},"end":{"line":33,"column":null}},"18":{"start":{"line":37,"column":4},"end":{"line":37,"column":null}},"19":{"start":{"line":40,"column":2},"end":{"line":40,"column":null}}},"fnMap":{"0":{"name":"(anonymous_0)","decl":{"start":{"line":8,"column":6},"end":{"line":8,"column":31}},"loc":{"start":{"line":8,"column":31},"end":{"line":40,"column":null}},"line":8},"1":{"name":"(anonymous_1)","decl":{"start":{"line":15,"column":2},"end":{"line":15,"column":18}},"loc":{"start":{"line":15,"column":18},"end":{"line":38,"column":7}},"line":15},"2":{"name":"(anonymous_2)","decl":{"start":{"line":16,"column":22},"end":{"line":16,"column":34}},"loc":{"start":{"line":16,"column":34},"end":{"line":33,"column":null}},"line":16}},"branchMap":{},"s":{"0":3,"1":4,"2":4,"3":4,"4":4,"5":4,"6":4,"7":2,"8":2,"9":2,"10":2,"11":1,"12":1,"13":1,"14":1,"15":1,"16":1,"17":2,"18":2,"19":4},"f":{"0":4,"1":2,"2":2},"b":{},"meta":{"lastBranch":0,"lastFunction":3,"lastStatement":20,"seen":{"s:8:6:40:Infinity":0,"f:8:6:8:31":0,"s:9:16:9:42":1,"s:10:23:10:54":2,"s:11:26:11:60":3,"s:12:18:12:46":4,"s:13:16:13:42":5,"s:15:2:38:Infinity":6,"f:15:2:15:18":1,"s:16:22:33:Infinity":7,"f:16:22:16:34":2,"s:17:6:33:Infinity":8,"s:18:8:18:Infinity":9,"s:20:10:24:12":10,"s:25:8:25:Infinity":11,"s:26:8:26:Infinity":12,"s:27:8:27:Infinity":13,"s:28:8:28:Infinity":14,"s:30:8:30:Infinity":15,"s:31:8:31:Infinity":16,"s:33:8:33:Infinity":17,"s:37:4:37:Infinity":18,"s:40:2:40:Infinity":19}}}
,"D:\\game_aggregator_diplom\\frontend\\src\\pages\\Dashboard.jsx": {"path":"D:\\game_aggregator_diplom\\frontend\\src\\pages\\Dashboard.jsx","statementMap":{"0":{"start":{"line":7,"column":6},"end":{"line":54,"column":null}},"1":{"start":{"line":8,"column":57},"end":{"line":9,"column":22}},"2":{"start":{"line":11,"column":2},"end":{"line":17,"column":null}},"3":{"start":{"line":12,"column":4},"end":{"line":17,"column":null}},"4":{"start":{"line":21,"column":2},"end":{"line":27,"column":null}},"5":{"start":{"line":22,"column":4},"end":{"line":27,"column":null}},"6":{"start":{"line":31,"column":2},"end":{"line":54,"column":null}}},"fnMap":{"0":{"name":"(anonymous_0)","decl":{"start":{"line":7,"column":6},"end":{"line":7,"column":24}},"loc":{"start":{"line":7,"column":24},"end":{"line":54,"column":null}},"line":7}},"branchMap":{"0":{"loc":{"start":{"line":11,"column":2},"end":{"line":17,"column":null}},"type":"if","locations":[{"start":{"line":11,"column":2},"end":{"line":17,"column":null}},{"start":{},"end":{}}],"line":11},"1":{"loc":{"start":{"line":21,"column":2},"end":{"line":27,"column":null}},"type":"if","locations":[{"start":{"line":21,"column":2},"end":{"line":27,"column":null}},{"start":{},"end":{}}],"line":21}},"s":{"0":2,"1":3,"2":3,"3":1,"4":2,"5":1,"6":1},"f":{"0":3},"b":{"0":[1,2],"1":[1,1]},"meta":{"lastBranch":2,"lastFunction":1,"lastStatement":7,"seen":{"s:7:6:54:Infinity":0,"f:7:6:7:24":0,"s:8:57:9:22":1,"b:11:2:17:Infinity:undefined:undefined:undefined:undefined":0,"s:11:2:17:Infinity":2,"s:12:4:17:Infinity":3,"b:21:2:27:Infinity:undefined:undefined:undefined:undefined":1,"s:21:2:27:Infinity":4,"s:22:4:27:Infinity":5,"s:31:2:54:Infinity":6}}}
,"D:\\game_aggregator_diplom\\frontend\\src\\pages\\GameDetailsPage.jsx": {"path":"D:\\game_aggregator_diplom\\frontend\\src\\pages\\GameDetailsPage.jsx","statementMap":{"0":{"start":{"line":5,"column":6},"end":{"line":112,"column":null}},"1":{"start":{"line":6,"column":10},"end":{"line":6,"column":28}},"2":{"start":{"line":7,"column":15},"end":{"line":7,"column":40}},"3":{"start":{"line":8,"column":18},"end":{"line":8,"column":46}},"4":{"start":{"line":9,"column":16},"end":{"line":9,"column":42}},"5":{"start":{"line":11,"column":2},"end":{"line":27,"column":null}},"6":{"start":{"line":12,"column":25},"end":{"line":22,"column":null}},"7":{"start":{"line":13,"column":6},"end":{"line":22,"column":null}},"8":{"start":{"line":14,"column":8},"end":{"line":14,"column":null}},"9":{"start":{"line":15,"column":21},"end":{"line":15,"column":45}},"10":{"start":{"line":16,"column":8},"end":{"line":16,"column":null}},"11":{"start":{"line":17,"column":8},"end":{"line":17,"column":null}},"12":{"start":{"line":19,"column":8},"end":{"line":19,"column":null}},"13":{"start":{"line":20,"column":8},"end":{"line":20,"column":null}},"14":{"start":{"line":22,"column":8},"end":{"line":22,"column":null}},"15":{"start":{"line":26,"column":4},"end":{"line":26,"column":null}},"16":{"start":{"line":29,"column":2},"end":{"line":35,"column":null}},"17":{"start":{"line":30,"column":4},"end":{"line":35,"column":null}},"18":{"start":{"line":39,"column":2},"end":{"line":47,"column":null}},"19":{"start":{"line":40,"column":4},"end":{"line":47,"column":null}},"20":{"start":{"line":52,"column":2},"end":{"line":52,"column":null}},"21":{"start":{"line":52,"column":13},"end":{"line":52,"column":null}},"22":{"start":{"line":54,"column":24},"end":{"line":56,"column":null}},"23":{"start":{"line":58,"column":2},"end":{"line":112,"column":null}}},"fnMap":{"0":{"name":"(anonymous_0)","decl":{"start":{"line":5,"column":6},"end":{"line":5,"column":30}},"loc":{"start":{"line":5,"column":30},"end":{"line":112,"column":null}},"line":5},"1":{"name":"(anonymous_1)","decl":{"start":{"line":11,"column":2},"end":{"line":11,"column":18}},"loc":{"start":{"line":11,"column":18},"end":{"line":27,"column":6}},"line":11},"2":{"name":"(anonymous_2)","decl":{"start":{"line":12,"column":25},"end":{"line":12,"column":37}},"loc":{"start":{"line":12,"column":37},"end":{"line":22,"column":null}},"line":12}},"branchMap":{"0":{"loc":{"start":{"line":29,"column":2},"end":{"line":35,"column":null}},"type":"if","locations":[{"start":{"line":29,"column":2},"end":{"line":35,"column":null}},{"start":{},"end":{}}],"line":29},"1":{"loc":{"start":{"line":39,"column":2},"end":{"line":47,"column":null}},"type":"if","locations":[{"start":{"line":39,"column":2},"end":{"line":47,"column":null}},{"start":{},"end":{}}],"line":39},"2":{"loc":{"start":{"line":52,"column":2},"end":{"line":52,"column":null}},"type":"if","locations":[{"start":{"line":52,"column":2},"end":{"line":52,"column":null}},{"start":{},"end":{}}],"line":52},"3":{"loc":{"start":{"line":54,"column":24},"end":{"line":56,"column":null}},"type":"cond-expr","locations":[{"start":{"line":55,"column":6},"end":{"line":55,"column":114}},{"start":{"line":56,"column":6},"end":{"line":56,"column":null}}],"line":54},"4":{"loc":{"start":{"line":67,"column":11},"end":{"line":80,"column":11}},"type":"cond-expr","locations":[{"start":{"line":68,"column":12},"end":{"line":74,"column":13}},{"start":{"line":74,"column":12},"end":{"line":80,"column":11}}],"line":67},"5":{"loc":{"start":{"line":91,"column":15},"end":{"line":91,"column":null}},"type":"binary-expr","locations":[{"start":{"line":91,"column":15},"end":{"line":91,"column":33}},{"start":{"line":91,"column":33},"end":{"line":91,"column":null}}],"line":91},"6":{"loc":{"start":{"line":101,"column":15},"end":{"line":101,"column":null}},"type":"binary-expr","locations":[{"start":{"line":101,"column":15},"end":{"line":101,"column":35}},{"start":{"line":101,"column":35},"end":{"line":101,"column":null}}],"line":101}},"s":{"0":1,"1":7,"2":7,"3":7,"4":7,"5":7,"6":4,"7":4,"8":4,"9":4,"10":2,"11":2,"12":1,"13":1,"14":3,"15":4,"16":7,"17":4,"18":3,"19":1,"20":2,"21":0,"22":2,"23":7},"f":{"0":7,"1":4,"2":4},"b":{"0":[4,3],"1":[1,2],"2":[0,2],"3":[1,1],"4":[1,1],"5":[7,1],"6":[7,1]},"meta":{"lastBranch":7,"lastFunction":3,"lastStatement":24,"seen":{"s:5:6:112:Infinity":0,"f:5:6:5:30":0,"s:6:10:6:28":1,"s:7:15:7:40":2,"s:8:18:8:46":3,"s:9:16:9:42":4,"s:11:2:27:Infinity":5,"f:11:2:11:18":1,"s:12:25:22:Infinity":6,"f:12:25:12:37":2,"s:13:6:22:Infinity":7,"s:14:8:14:Infinity":8,"s:15:21:15:45":9,"s:16:8:16:Infinity":10,"s:17:8:17:Infinity":11,"s:19:8:19:Infinity":12,"s:20:8:20:Infinity":13,"s:22:8:22:Infinity":14,"s:26:4:26:Infinity":15,"b:29:2:35:Infinity:undefined:undefined:undefined:undefined":0,"s:29:2:35:Infinity":16,"s:30:4:35:Infinity":17,"b:39:2:47:Infinity:undefined:undefined:undefined:undefined":1,"s:39:2:47:Infinity":18,"s:40:4:47:Infinity":19,"b:52:2:52:Infinity:undefined:undefined:undefined:undefined":2,"s:52:2:52:Infinity":20,"s:52:13:52:Infinity":21,"s:54:24:56:Infinity":22,"b:55:6:55:114:56:6:56:Infinity":3,"s:58:2:112:Infinity":23,"b:68:12:74:13:74:12:80:11":4,"b:91:15:91:33:91:33:91:Infinity":5,"b:101:15:101:35:101:35:101:Infinity":6}}}
,"D:\\game_aggregator_diplom\\frontend\\src\\pages\\GameSessionsPage.jsx": {"path":"D:\\game_aggregator_diplom\\frontend\\src\\pages\\GameSessionsPage.jsx","statementMap":{"0":{"start":{"line":6,"column":6},"end":{"line":87,"column":null}},"1":{"start":{"line":7,"column":19},"end":{"line":7,"column":46}},"2":{"start":{"line":8,"column":18},"end":{"line":8,"column":46}},"3":{"start":{"line":9,"column":16},"end":{"line":9,"column":42}},"4":{"start":{"line":11,"column":2},"end":{"line":27,"column":null}},"5":{"start":{"line":12,"column":26},"end":{"line":22,"column":null}},"6":{"start":{"line":13,"column":6},"end":{"line":22,"column":null}},"7":{"start":{"line":14,"column":8},"end":{"line":14,"column":null}},"8":{"start":{"line":15,"column":21},"end":{"line":15,"column":44}},"9":{"start":{"line":16,"column":8},"end":{"line":16,"column":null}},"10":{"start":{"line":17,"column":8},"end":{"line":17,"column":null}},"11":{"start":{"line":19,"column":8},"end":{"line":19,"column":null}},"12":{"start":{"line":20,"column":8},"end":{"line":20,"column":null}},"13":{"start":{"line":22,"column":8},"end":{"line":22,"column":null}},"14":{"start":{"line":26,"column":4},"end":{"line":26,"column":null}},"15":{"start":{"line":29,"column":2},"end":{"line":35,"column":null}},"16":{"start":{"line":30,"column":4},"end":{"line":35,"column":null}},"17":{"start":{"line":39,"column":2},"end":{"line":45,"column":null}},"18":{"start":{"line":40,"column":4},"end":{"line":45,"column":null}},"19":{"start":{"line":49,"column":2},"end":{"line":87,"column":null}},"20":{"start":{"line":85,"column":12},"end":{"line":85,"column":null}}},"fnMap":{"0":{"name":"(anonymous_0)","decl":{"start":{"line":6,"column":6},"end":{"line":6,"column":31}},"loc":{"start":{"line":6,"column":31},"end":{"line":87,"column":null}},"line":6},"1":{"name":"(anonymous_1)","decl":{"start":{"line":11,"column":2},"end":{"line":11,"column":18}},"loc":{"start":{"line":11,"column":18},"end":{"line":27,"column":7}},"line":11},"2":{"name":"(anonymous_2)","decl":{"start":{"line":12,"column":26},"end":{"line":12,"column":38}},"loc":{"start":{"line":12,"column":38},"end":{"line":22,"column":null}},"line":12},"3":{"name":"(anonymous_3)","decl":{"start":{"line":84,"column":20},"end":{"line":84,"column":25}},"loc":{"start":{"line":85,"column":12},"end":{"line":85,"column":null}},"line":85}},"branchMap":{"0":{"loc":{"start":{"line":29,"column":2},"end":{"line":35,"column":null}},"type":"if","locations":[{"start":{"line":29,"column":2},"end":{"line":35,"column":null}},{"start":{},"end":{}}],"line":29},"1":{"loc":{"start":{"line":39,"column":2},"end":{"line":45,"column":null}},"type":"if","locations":[{"start":{"line":39,"column":2},"end":{"line":45,"column":null}},{"start":{},"end":{}}],"line":39},"2":{"loc":{"start":{"line":68,"column":7},"end":{"line":87,"column":null}},"type":"cond-expr","locations":[{"start":{"line":69,"column":8},"end":{"line":83,"column":9}},{"start":{"line":83,"column":8},"end":{"line":87,"column":null}}],"line":68}},"s":{"0":1,"1":7,"2":7,"3":7,"4":7,"5":4,"6":4,"7":4,"8":4,"9":2,"10":2,"11":1,"12":1,"13":3,"14":4,"15":7,"16":4,"17":3,"18":1,"19":2,"20":2},"f":{"0":7,"1":4,"2":4,"3":2},"b":{"0":[4,3],"1":[1,2],"2":[1,1]},"meta":{"lastBranch":3,"lastFunction":4,"lastStatement":21,"seen":{"s:6:6:87:Infinity":0,"f:6:6:6:31":0,"s:7:19:7:46":1,"s:8:18:8:46":2,"s:9:16:9:42":3,"s:11:2:27:Infinity":4,"f:11:2:11:18":1,"s:12:26:22:Infinity":5,"f:12:26:12:38":2,"s:13:6:22:Infinity":6,"s:14:8:14:Infinity":7,"s:15:21:15:44":8,"s:16:8:16:Infinity":9,"s:17:8:17:Infinity":10,"s:19:8:19:Infinity":11,"s:20:8:20:Infinity":12,"s:22:8:22:Infinity":13,"s:26:4:26:Infinity":14,"b:29:2:35:Infinity:undefined:undefined:undefined:undefined":0,"s:29:2:35:Infinity":15,"s:30:4:35:Infinity":16,"b:39:2:45:Infinity:undefined:undefined:undefined:undefined":1,"s:39:2:45:Infinity":17,"s:40:4:45:Infinity":18,"s:49:2:87:Infinity":19,"b:69:8:83:9:83:8:87:Infinity":2,"f:84:20:84:25":3,"s:85:12:85:Infinity":20}}}
,"D:\\game_aggregator_diplom\\frontend\\src\\pages\\GamesPage.jsx": {"path":"D:\\game_aggregator_diplom\\frontend\\src\\pages\\GamesPage.jsx","statementMap":{"0":{"start":{"line":5,"column":6},"end":{"line":84,"column":null}},"1":{"start":{"line":6,"column":16},"end":{"line":6,"column":40}},"2":{"start":{"line":7,"column":18},"end":{"line":7,"column":46}},"3":{"start":{"line":8,"column":16},"end":{"line":8,"column":42}},"4":{"start":{"line":9,"column":21},"end":{"line":9,"column":50}},"5":{"start":{"line":11,"column":2},"end":{"line":32,"column":null}},"6":{"start":{"line":12,"column":23},"end":{"line":22,"column":null}},"7":{"start":{"line":13,"column":6},"end":{"line":22,"column":null}},"8":{"start":{"line":14,"column":8},"end":{"line":14,"column":null}},"9":{"start":{"line":15,"column":21},"end":{"line":15,"column":47}},"10":{"start":{"line":16,"column":8},"end":{"line":16,"column":null}},"11":{"start":{"line":17,"column":8},"end":{"line":17,"column":null}},"12":{"start":{"line":19,"column":8},"end":{"line":19,"column":null}},"13":{"start":{"line":20,"column":8},"end":{"line":20,"column":null}},"14":{"start":{"line":22,"column":8},"end":{"line":22,"column":null}},"15":{"start":{"line":27,"column":20},"end":{"line":29,"column":11}},"16":{"start":{"line":28,"column":6},"end":{"line":28,"column":null}},"17":{"start":{"line":31,"column":4},"end":{"line":31,"column":null}},"18":{"start":{"line":31,"column":17},"end":{"line":31,"column":38}},"19":{"start":{"line":34,"column":8},"end":{"line":35,"column":null}},"20":{"start":{"line":35,"column":4},"end":{"line":35,"column":null}},"21":{"start":{"line":38,"column":2},"end":{"line":84,"column":null}},"22":{"start":{"line":82,"column":12},"end":{"line":82,"column":null}}},"fnMap":{"0":{"name":"(anonymous_0)","decl":{"start":{"line":5,"column":6},"end":{"line":5,"column":24}},"loc":{"start":{"line":5,"column":24},"end":{"line":84,"column":null}},"line":5},"1":{"name":"(anonymous_1)","decl":{"start":{"line":11,"column":2},"end":{"line":11,"column":18}},"loc":{"start":{"line":11,"column":18},"end":{"line":32,"column":6}},"line":11},"2":{"name":"(anonymous_2)","decl":{"start":{"line":12,"column":23},"end":{"line":12,"column":35}},"loc":{"start":{"line":12,"column":35},"end":{"line":22,"column":null}},"line":12},"3":{"name":"(anonymous_3)","decl":{"start":{"line":27,"column":20},"end":{"line":27,"column":37}},"loc":{"start":{"line":27,"column":37},"end":{"line":29,"column":11}},"line":27},"4":{"name":"(anonymous_4)","decl":{"start":{"line":31,"column":4},"end":{"line":31,"column":17}},"loc":{"start":{"line":31,"column":17},"end":{"line":31,"column":38}},"line":31},"5":{"name":"(anonymous_5)","decl":{"start":{"line":34,"column":8},"end":{"line":34,"column":30}},"loc":{"start":{"line":34,"column":36},"end":{"line":35,"column":null}},"line":34},"6":{"name":"(anonymous_6)","decl":{"start":{"line":81,"column":17},"end":{"line":81,"column":21}},"loc":{"start":{"line":82,"column":12},"end":{"line":82,"column":null}},"line":82}},"branchMap":{"0":{"loc":{"start":{"line":63,"column":7},"end":{"line":84,"column":null}},"type":"cond-expr","locations":[{"start":{"line":64,"column":8},"end":{"line":69,"column":21}},{"start":{"line":69,"column":10},"end":{"line":84,"column":null}}],"line":63},"1":{"loc":{"start":{"line":69,"column":10},"end":{"line":84,"column":null}},"type":"cond-expr","locations":[{"start":{"line":70,"column":8},"end":{"line":75,"column":16}},{"start":{"line":75,"column":10},"end":{"line":84,"column":null}}],"line":69},"2":{"loc":{"start":{"line":69,"column":10},"end":{"line":69,"column":null}},"type":"binary-expr","locations":[{"start":{"line":69,"column":10},"end":{"line":69,"column":21}},{"start":{"line":69,"column":21},"end":{"line":69,"column":null}}],"line":69},"3":{"loc":{"start":{"line":75,"column":10},"end":{"line":84,"column":null}},"type":"cond-expr","locations":[{"start":{"line":76,"column":8},"end":{"line":80,"column":9}},{"start":{"line":80,"column":8},"end":{"line":84,"column":null}}],"line":75}},"s":{"0":1,"1":15,"2":15,"3":15,"4":15,"5":15,"6":10,"7":5,"8":5,"9":5,"10":4,"11":4,"12":1,"13":1,"14":5,"15":10,"16":5,"17":10,"18":10,"19":15,"20":5,"21":15,"22":15},"f":{"0":15,"1":10,"2":5,"3":5,"4":10,"5":5,"6":15},"b":{"0":[1,14],"1":[5,9],"2":[14,5],"3":[1,8]},"meta":{"lastBranch":4,"lastFunction":7,"lastStatement":23,"seen":{"s:5:6:84:Infinity":0,"f:5:6:5:24":0,"s:6:16:6:40":1,"s:7:18:7:46":2,"s:8:16:8:42":3,"s:9:21:9:50":4,"s:11:2:32:Infinity":5,"f:11:2:11:18":1,"s:12:23:22:Infinity":6,"f:12:23:12:35":2,"s:13:6:22:Infinity":7,"s:14:8:14:Infinity":8,"s:15:21:15:47":9,"s:16:8:16:Infinity":10,"s:17:8:17:Infinity":11,"s:19:8:19:Infinity":12,"s:20:8:20:Infinity":13,"s:22:8:22:Infinity":14,"s:27:20:29:11":15,"f:27:20:27:37":3,"s:28:6:28:Infinity":16,"s:31:4:31:Infinity":17,"f:31:4:31:17":4,"s:31:17:31:38":18,"s:34:8:35:Infinity":19,"f:34:8:34:30":5,"s:35:4:35:Infinity":20,"s:38:2:84:Infinity":21,"b:64:8:69:21:69:10:84:Infinity":0,"b:70:8:75:16:75:10:84:Infinity":1,"b:69:10:69:21:69:21:69:Infinity":2,"b:76:8:80:9:80:8:84:Infinity":3,"f:81:17:81:21":6,"s:82:12:82:Infinity":22}}}
,"D:\\game_aggregator_diplom\\frontend\\src\\pages\\Login.jsx": {"path":"D:\\game_aggregator_diplom\\frontend\\src\\pages\\Login.jsx","statementMap":{"0":{"start":{"line":9,"column":6},"end":{"line":95,"column":null}},"1":{"start":{"line":10,"column":19},"end":{"line":10,"column":74}},"2":{"start":{"line":11,"column":16},"end":{"line":11,"column":40}},"3":{"start":{"line":12,"column":20},"end":{"line":12,"column":51}},"4":{"start":{"line":14,"column":10},"end":{"line":14,"column":43}},"5":{"start":{"line":15,"column":8},"end":{"line":15,"column":32}},"6":{"start":{"line":17,"column":8},"end":{"line":19,"column":null}},"7":{"start":{"line":18,"column":4},"end":{"line":18,"column":null}},"8":{"start":{"line":19,"column":4},"end":{"line":19,"column":null}},"9":{"start":{"line":22,"column":23},"end":{"line":38,"column":null}},"10":{"start":{"line":23,"column":4},"end":{"line":23,"column":null}},"11":{"start":{"line":24,"column":4},"end":{"line":24,"column":null}},"12":{"start":{"line":25,"column":4},"end":{"line":25,"column":null}},"13":{"start":{"line":27,"column":4},"end":{"line":38,"column":null}},"14":{"start":{"line":28,"column":23},"end":{"line":28,"column":58}},"15":{"start":{"line":29,"column":34},"end":{"line":29,"column":null}},"16":{"start":{"line":31,"column":6},"end":{"line":31,"column":null}},"17":{"start":{"line":33,"column":6},"end":{"line":36,"column":null}},"18":{"start":{"line":38,"column":6},"end":{"line":38,"column":null}},"19":{"start":{"line":42,"column":2},"end":{"line":95,"column":null}}},"fnMap":{"0":{"name":"(anonymous_0)","decl":{"start":{"line":9,"column":6},"end":{"line":9,"column":20}},"loc":{"start":{"line":9,"column":20},"end":{"line":95,"column":null}},"line":9},"1":{"name":"(anonymous_1)","decl":{"start":{"line":17,"column":8},"end":{"line":17,"column":24}},"loc":{"start":{"line":17,"column":30},"end":{"line":19,"column":null}},"line":17},"2":{"name":"(anonymous_2)","decl":{"start":{"line":22,"column":23},"end":{"line":22,"column":30}},"loc":{"start":{"line":22,"column":36},"end":{"line":38,"column":null}},"line":22}},"branchMap":{"0":{"loc":{"start":{"line":34,"column":8},"end":{"line":35,"column":null}},"type":"binary-expr","locations":[{"start":{"line":34,"column":8},"end":{"line":34,"column":null}},{"start":{"line":35,"column":10},"end":{"line":35,"column":null}}],"line":34},"1":{"loc":{"start":{"line":45,"column":9},"end":{"line":48,"column":null}},"type":"binary-expr","locations":[{"start":{"line":45,"column":9},"end":{"line":45,"column":null}},{"start":{"line":46,"column":10},"end":{"line":48,"column":null}}],"line":45},"2":{"loc":{"start":{"line":76,"column":14},"end":{"line":78,"column":null}},"type":"cond-expr","locations":[{"start":{"line":77,"column":18},"end":{"line":77,"column":null}},{"start":{"line":78,"column":18},"end":{"line":78,"column":null}}],"line":76},"3":{"loc":{"start":{"line":81,"column":13},"end":{"line":81,"column":null}},"type":"cond-expr","locations":[{"start":{"line":81,"column":25},"end":{"line":81,"column":43}},{"start":{"line":81,"column":43},"end":{"line":81,"column":null}}],"line":81}},"s":{"0":2,"1":47,"2":47,"3":47,"4":47,"5":47,"6":47,"7":37,"8":37,"9":47,"10":2,"11":2,"12":2,"13":2,"14":2,"15":1,"16":1,"17":1,"18":2,"19":47},"f":{"0":47,"1":37,"2":2},"b":{"0":[1,0],"1":[47,1],"2":[2,45],"3":[2,45]},"meta":{"lastBranch":4,"lastFunction":3,"lastStatement":20,"seen":{"s:9:6:95:Infinity":0,"f:9:6:9:20":0,"s:10:19:10:74":1,"s:11:16:11:40":2,"s:12:20:12:51":3,"s:14:10:14:43":4,"s:15:8:15:32":5,"s:17:8:19:Infinity":6,"f:17:8:17:24":1,"s:18:4:18:Infinity":7,"s:19:4:19:Infinity":8,"s:22:23:38:Infinity":9,"f:22:23:22:30":2,"s:23:4:23:Infinity":10,"s:24:4:24:Infinity":11,"s:25:4:25:Infinity":12,"s:27:4:38:Infinity":13,"s:28:23:28:58":14,"s:29:34:29:Infinity":15,"s:31:6:31:Infinity":16,"s:33:6:36:Infinity":17,"b:34:8:34:Infinity:35:10:35:Infinity":0,"s:38:6:38:Infinity":18,"s:42:2:95:Infinity":19,"b:45:9:45:Infinity:46:10:48:Infinity":1,"b:77:18:77:Infinity:78:18:78:Infinity":2,"b:81:25:81:43:81:43:81:Infinity":3}}}
,"D:\\game_aggregator_diplom\\frontend\\src\\pages\\ProfilePage.jsx": {"path":"D:\\game_aggregator_diplom\\frontend\\src\\pages\\ProfilePage.jsx","statementMap":{"0":{"start":{"line":8,"column":6},"end":{"line":312,"column":null}},"1":{"start":{"line":9,"column":18},"end":{"line":9,"column":46}},"2":{"start":{"line":10,"column":18},"end":{"line":10,"column":46}},"3":{"start":{"line":11,"column":16},"end":{"line":11,"column":42}},"4":{"start":{"line":12,"column":10},"end":{"line":12,"column":44}},"5":{"start":{"line":15,"column":20},"end":{"line":15,"column":51}},"6":{"start":{"line":16,"column":19},"end":{"line":16,"column":71}},"7":{"start":{"line":17,"column":22},"end":{"line":17,"column":52}},"8":{"start":{"line":18,"column":19},"end":{"line":18,"column":49}},"9":{"start":{"line":21,"column":29},"end":{"line":21,"column":69}},"10":{"start":{"line":22,"column":18},"end":{"line":22,"column":102}},"11":{"start":{"line":23,"column":19},"end":{"line":23,"column":46}},"12":{"start":{"line":24,"column":22},"end":{"line":24,"column":55}},"13":{"start":{"line":26,"column":2},"end":{"line":43,"column":null}},"14":{"start":{"line":27,"column":25},"end":{"line":38,"column":null}},"15":{"start":{"line":28,"column":6},"end":{"line":38,"column":null}},"16":{"start":{"line":29,"column":8},"end":{"line":29,"column":null}},"17":{"start":{"line":30,"column":21},"end":{"line":30,"column":39}},"18":{"start":{"line":31,"column":8},"end":{"line":31,"column":null}},"19":{"start":{"line":32,"column":8},"end":{"line":32,"column":null}},"20":{"start":{"line":33,"column":8},"end":{"line":33,"column":null}},"21":{"start":{"line":35,"column":8},"end":{"line":35,"column":null}},"22":{"start":{"line":36,"column":8},"end":{"line":36,"column":null}},"23":{"start":{"line":38,"column":8},"end":{"line":38,"column":null}},"24":{"start":{"line":42,"column":4},"end":{"line":42,"column":null}},"25":{"start":{"line":45,"column":8},"end":{"line":50,"column":null}},"26":{"start":{"line":46,"column":4},"end":{"line":46,"column":null}},"27":{"start":{"line":47,"column":4},"end":{"line":47,"column":null}},"28":{"start":{"line":48,"column":4},"end":{"line":50,"column":null}},"29":{"start":{"line":49,"column":6},"end":{"line":49,"column":null}},"30":{"start":{"line":50,"column":6},"end":{"line":50,"column":null}},"31":{"start":{"line":54,"column":8},"end":{"line":59,"column":null}},"32":{"start":{"line":55,"column":4},"end":{"line":55,"column":null}},"33":{"start":{"line":56,"column":4},"end":{"line":56,"column":null}},"34":{"start":{"line":57,"column":4},"end":{"line":59,"column":null}},"35":{"start":{"line":58,"column":6},"end":{"line":58,"column":null}},"36":{"start":{"line":59,"column":6},"end":{"line":59,"column":null}},"37":{"start":{"line":63,"column":8},"end":{"line":65,"column":null}},"38":{"start":{"line":64,"column":4},"end":{"line":64,"column":null}},"39":{"start":{"line":65,"column":4},"end":{"line":65,"column":null}},"40":{"start":{"line":68,"column":8},"end":{"line":70,"column":null}},"41":{"start":{"line":69,"column":4},"end":{"line":69,"column":null}},"42":{"start":{"line":70,"column":4},"end":{"line":70,"column":null}},"43":{"start":{"line":73,"column":23},"end":{"line":85,"column":null}},"44":{"start":{"line":74,"column":4},"end":{"line":74,"column":null}},"45":{"start":{"line":75,"column":4},"end":{"line":75,"column":null}},"46":{"start":{"line":76,"column":4},"end":{"line":76,"column":null}},"47":{"start":{"line":78,"column":4},"end":{"line":85,"column":null}},"48":{"start":{"line":79,"column":26},"end":{"line":79,"column":55}},"49":{"start":{"line":80,"column":6},"end":{"line":80,"column":null}},"50":{"start":{"line":81,"column":6},"end":{"line":81,"column":null}},"51":{"start":{"line":83,"column":6},"end":{"line":83,"column":null}},"52":{"start":{"line":85,"column":6},"end":{"line":85,"column":null}},"53":{"start":{"line":89,"column":26},"end":{"line":110,"column":null}},"54":{"start":{"line":90,"column":4},"end":{"line":90,"column":null}},"55":{"start":{"line":91,"column":4},"end":{"line":93,"column":null}},"56":{"start":{"line":92,"column":6},"end":{"line":92,"column":null}},"57":{"start":{"line":93,"column":6},"end":{"line":93,"column":null}},"58":{"start":{"line":96,"column":4},"end":{"line":96,"column":null}},"59":{"start":{"line":97,"column":4},"end":{"line":97,"column":null}},"60":{"start":{"line":99,"column":4},"end":{"line":110,"column":null}},"61":{"start":{"line":100,"column":6},"end":{"line":103,"column":null}},"62":{"start":{"line":104,"column":6},"end":{"line":104,"column":null}},"63":{"start":{"line":105,"column":6},"end":{"line":105,"column":null}},"64":{"start":{"line":108,"column":6},"end":{"line":108,"column":null}},"65":{"start":{"line":110,"column":6},"end":{"line":110,"column":null}},"66":{"start":{"line":114,"column":2},"end":{"line":120,"column":null}},"67":{"start":{"line":115,"column":4},"end":{"line":120,"column":null}},"68":{"start":{"line":124,"column":2},"end":{"line":130,"column":null}},"69":{"start":{"line":125,"column":4},"end":{"line":130,"column":null}},"70":{"start":{"line":134,"column":2},"end":{"line":134,"column":null}},"71":{"start":{"line":134,"column":16},"end":{"line":134,"column":null}},"72":{"start":{"line":136,"column":22},"end":{"line":138,"column":null}},"73":{"start":{"line":140,"column":2},"end":{"line":312,"column":null}}},"fnMap":{"0":{"name":"(anonymous_0)","decl":{"start":{"line":8,"column":6},"end":{"line":8,"column":26}},"loc":{"start":{"line":8,"column":26},"end":{"line":312,"column":null}},"line":8},"1":{"name":"(anonymous_1)","decl":{"start":{"line":26,"column":2},"end":{"line":26,"column":18}},"loc":{"start":{"line":26,"column":18},"end":{"line":43,"column":7}},"line":26},"2":{"name":"(anonymous_2)","decl":{"start":{"line":27,"column":25},"end":{"line":27,"column":37}},"loc":{"start":{"line":27,"column":37},"end":{"line":38,"column":null}},"line":27},"3":{"name":"(anonymous_3)","decl":{"start":{"line":45,"column":8},"end":{"line":45,"column":33}},"loc":{"start":{"line":45,"column":33},"end":{"line":50,"column":null}},"line":45},"4":{"name":"(anonymous_4)","decl":{"start":{"line":54,"column":8},"end":{"line":54,"column":32}},"loc":{"start":{"line":54,"column":32},"end":{"line":59,"column":null}},"line":54},"5":{"name":"(anonymous_5)","decl":{"start":{"line":63,"column":8},"end":{"line":63,"column":24}},"loc":{"start":{"line":63,"column":30},"end":{"line":65,"column":null}},"line":63},"6":{"name":"(anonymous_6)","decl":{"start":{"line":68,"column":8},"end":{"line":68,"column":27}},"loc":{"start":{"line":68,"column":33},"end":{"line":70,"column":null}},"line":68},"7":{"name":"(anonymous_7)","decl":{"start":{"line":73,"column":23},"end":{"line":73,"column":30}},"loc":{"start":{"line":73,"column":36},"end":{"line":85,"column":null}},"line":73},"8":{"name":"(anonymous_8)","decl":{"start":{"line":89,"column":26},"end":{"line":89,"column":33}},"loc":{"start":{"line":89,"column":39},"end":{"line":110,"column":null}},"line":89}},"branchMap":{"0":{"loc":{"start":{"line":32,"column":32},"end":{"line":32,"column":53}},"type":"binary-expr","locations":[{"start":{"line":32,"column":32},"end":{"line":32,"column":49}},{"start":{"line":32,"column":49},"end":{"line":32,"column":53}}],"line":32},"1":{"loc":{"start":{"line":48,"column":4},"end":{"line":50,"column":null}},"type":"if","locations":[{"start":{"line":48,"column":4},"end":{"line":50,"column":null}},{"start":{},"end":{}}],"line":48},"2":{"loc":{"start":{"line":49,"column":30},"end":{"line":49,"column":54}},"type":"binary-expr","locations":[{"start":{"line":49,"column":30},"end":{"line":49,"column":50}},{"start":{"line":49,"column":50},"end":{"line":49,"column":54}}],"line":49},"3":{"loc":{"start":{"line":57,"column":4},"end":{"line":59,"column":null}},"type":"if","locations":[{"start":{"line":57,"column":4},"end":{"line":59,"column":null}},{"start":{},"end":{}}],"line":57},"4":{"loc":{"start":{"line":83,"column":21},"end":{"line":83,"column":108}},"type":"binary-expr","locations":[{"start":{"line":83,"column":21},"end":{"line":83,"column":50}},{"start":{"line":83,"column":50},"end":{"line":83,"column":80}},{"start":{"line":83,"column":80},"end":{"line":83,"column":108}}],"line":83},"5":{"loc":{"start":{"line":91,"column":4},"end":{"line":93,"column":null}},"type":"if","locations":[{"start":{"line":91,"column":4},"end":{"line":93,"column":null}},{"start":{},"end":{}}],"line":91},"6":{"loc":{"start":{"line":108,"column":18},"end":{"line":108,"column":106}},"type":"binary-expr","locations":[{"start":{"line":108,"column":18},"end":{"line":108,"column":47}},{"start":{"line":108,"column":47},"end":{"line":108,"column":77}},{"start":{"line":108,"column":77},"end":{"line":108,"column":106}}],"line":108},"7":{"loc":{"start":{"line":114,"column":2},"end":{"line":120,"column":null}},"type":"if","locations":[{"start":{"line":114,"column":2},"end":{"line":120,"column":null}},{"start":{},"end":{}}],"line":114},"8":{"loc":{"start":{"line":124,"column":2},"end":{"line":130,"column":null}},"type":"if","locations":[{"start":{"line":124,"column":2},"end":{"line":130,"column":null}},{"start":{},"end":{}}],"line":124},"9":{"loc":{"start":{"line":134,"column":2},"end":{"line":134,"column":null}},"type":"if","locations":[{"start":{"line":134,"column":2},"end":{"line":134,"column":null}},{"start":{},"end":{}}],"line":134},"10":{"loc":{"start":{"line":136,"column":22},"end":{"line":138,"column":null}},"type":"cond-expr","locations":[{"start":{"line":137,"column":6},"end":{"line":137,"column":122}},{"start":{"line":138,"column":6},"end":{"line":138,"column":null}}],"line":136},"11":{"loc":{"start":{"line":172,"column":13},"end":{"line":178,"column":13}},"type":"cond-expr","locations":[{"start":{"line":173,"column":14},"end":{"line":175,"column":15}},{"start":{"line":175,"column":14},"end":{"line":178,"column":13}}],"line":172},"12":{"loc":{"start":{"line":190,"column":11},"end":{"line":308,"column":null}},"type":"cond-expr","locations":[{"start":{"line":191,"column":12},"end":{"line":232,"column":null}},{"start":{"line":232,"column":14},"end":{"line":308,"column":null}}],"line":190},"13":{"loc":{"start":{"line":193,"column":15},"end":{"line":196,"column":null}},"type":"binary-expr","locations":[{"start":{"line":193,"column":15},"end":{"line":193,"column":null}},{"start":{"line":194,"column":16},"end":{"line":196,"column":null}}],"line":193},"14":{"loc":{"start":{"line":220,"column":19},"end":{"line":220,"column":null}},"type":"cond-expr","locations":[{"start":{"line":220,"column":30},"end":{"line":220,"column":44}},{"start":{"line":220,"column":44},"end":{"line":220,"column":null}}],"line":220},"15":{"loc":{"start":{"line":232,"column":14},"end":{"line":308,"column":null}},"type":"cond-expr","locations":[{"start":{"line":233,"column":12},"end":{"line":284,"column":13}},{"start":{"line":284,"column":12},"end":{"line":308,"column":null}}],"line":232},"16":{"loc":{"start":{"line":235,"column":15},"end":{"line":238,"column":null}},"type":"binary-expr","locations":[{"start":{"line":235,"column":15},"end":{"line":235,"column":null}},{"start":{"line":236,"column":16},"end":{"line":238,"column":null}}],"line":235},"17":{"loc":{"start":{"line":263,"column":23},"end":{"line":263,"column":null}},"type":"cond-expr","locations":[{"start":{"line":263,"column":127},"end":{"line":263,"column":154}},{"start":{"line":263,"column":154},"end":{"line":263,"column":null}}],"line":263},"18":{"loc":{"start":{"line":263,"column":23},"end":{"line":263,"column":127}},"type":"binary-expr","locations":[{"start":{"line":263,"column":23},"end":{"line":263,"column":47}},{"start":{"line":263,"column":47},"end":{"line":263,"column":75}},{"start":{"line":263,"column":75},"end":{"line":263,"column":127}}],"line":263},"19":{"loc":{"start":{"line":271,"column":19},"end":{"line":271,"column":null}},"type":"cond-expr","locations":[{"start":{"line":271,"column":33},"end":{"line":271,"column":49}},{"start":{"line":271,"column":49},"end":{"line":271,"column":null}}],"line":271},"20":{"loc":{"start":{"line":292,"column":51},"end":{"line":292,"column":88}},"type":"binary-expr","locations":[{"start":{"line":292,"column":51},"end":{"line":292,"column":71}},{"start":{"line":292,"column":71},"end":{"line":292,"column":88}}],"line":292}},"s":{"0":1,"1":78,"2":78,"3":78,"4":78,"5":78,"6":78,"7":78,"8":78,"9":78,"10":78,"11":78,"12":78,"13":78,"14":6,"15":6,"16":6,"17":6,"18":5,"19":5,"20":6,"21":0,"22":0,"23":5,"24":6,"25":78,"26":1,"27":1,"28":1,"29":0,"30":0,"31":78,"32":2,"33":2,"34":2,"35":0,"36":0,"37":78,"38":27,"39":27,"40":78,"41":33,"42":33,"43":78,"44":1,"45":1,"46":1,"47":1,"48":1,"49":1,"50":1,"51":0,"52":1,"53":78,"54":1,"55":1,"56":0,"57":0,"58":1,"59":1,"60":1,"61":1,"62":1,"63":1,"64":0,"65":1,"66":78,"67":6,"68":72,"69":0,"70":72,"71":0,"72":72,"73":78},"f":{"0":78,"1":6,"2":6,"3":1,"4":2,"5":27,"6":33,"7":1,"8":1},"b":{"0":[5,0],"1":[0,1],"2":[0,0],"3":[0,2],"4":[0,0,0],"5":[0,1],"6":[0,0,0],"7":[6,72],"8":[0,72],"9":[0,72],"10":[72,0],"11":[0,72],"12":[29,43],"13":[29,0],"14":[1,28],"15":[36,7],"16":[36,0],"17":[14,22],"18":[36,28,16],"19":[1,35],"20":[7,0]},"meta":{"lastBranch":21,"lastFunction":9,"lastStatement":74,"seen":{"s:8:6:312:Infinity":0,"f:8:6:8:26":0,"s:9:18:9:46":1,"s:10:18:10:46":2,"s:11:16:11:42":3,"s:12:10:12:44":4,"s:15:20:15:51":5,"s:16:19:16:71":6,"s:17:22:17:52":7,"s:18:19:18:49":8,"s:21:29:21:69":9,"s:22:18:22:102":10,"s:23:19:23:46":11,"s:24:22:24:55":12,"s:26:2:43:Infinity":13,"f:26:2:26:18":1,"s:27:25:38:Infinity":14,"f:27:25:27:37":2,"s:28:6:38:Infinity":15,"s:29:8:29:Infinity":16,"s:30:21:30:39":17,"s:31:8:31:Infinity":18,"s:32:8:32:Infinity":19,"b:32:32:32:49:32:49:32:53":0,"s:33:8:33:Infinity":20,"s:35:8:35:Infinity":21,"s:36:8:36:Infinity":22,"s:38:8:38:Infinity":23,"s:42:4:42:Infinity":24,"s:45:8:50:Infinity":25,"f:45:8:45:33":3,"s:46:4:46:Infinity":26,"s:47:4:47:Infinity":27,"b:48:4:50:Infinity:undefined:undefined:undefined:undefined":1,"s:48:4:50:Infinity":28,"s:49:6:49:Infinity":29,"b:49:30:49:50:49:50:49:54":2,"s:50:6:50:Infinity":30,"s:54:8:59:Infinity":31,"f:54:8:54:32":4,"s:55:4:55:Infinity":32,"s:56:4:56:Infinity":33,"b:57:4:59:Infinity:undefined:undefined:undefined:undefined":3,"s:57:4:59:Infinity":34,"s:58:6:58:Infinity":35,"s:59:6:59:Infinity":36,"s:63:8:65:Infinity":37,"f:63:8:63:24":5,"s:64:4:64:Infinity":38,"s:65:4:65:Infinity":39,"s:68:8:70:Infinity":40,"f:68:8:68:27":6,"s:69:4:69:Infinity":41,"s:70:4:70:Infinity":42,"s:73:23:85:Infinity":43,"f:73:23:73:30":7,"s:74:4:74:Infinity":44,"s:75:4:75:Infinity":45,"s:76:4:76:Infinity":46,"s:78:4:85:Infinity":47,"s:79:26:79:55":48,"s:80:6:80:Infinity":49,"s:81:6:81:Infinity":50,"s:83:6:83:Infinity":51,"b:83:21:83:50:83:50:83:80:83:80:83:108":4,"s:85:6:85:Infinity":52,"s:89:26:110:Infinity":53,"f:89:26:89:33":8,"s:90:4:90:Infinity":54,"b:91:4:93:Infinity:undefined:undefined:undefined:undefined":5,"s:91:4:93:Infinity":55,"s:92:6:92:Infinity":56,"s:93:6:93:Infinity":57,"s:96:4:96:Infinity":58,"s:97:4:97:Infinity":59,"s:99:4:110:Infinity":60,"s:100:6:103:Infinity":61,"s:104:6:104:Infinity":62,"s:105:6:105:Infinity":63,"s:108:6:108:Infinity":64,"b:108:18:108:47:108:47:108:77:108:77:108:106":6,"s:110:6:110:Infinity":65,"b:114:2:120:Infinity:undefined:undefined:undefined:undefined":7,"s:114:2:120:Infinity":66,"s:115:4:120:Infinity":67,"b:124:2:130:Infinity:undefined:undefined:undefined:undefined":8,"s:124:2:130:Infinity":68,"s:125:4:130:Infinity":69,"b:134:2:134:Infinity:undefined:undefined:undefined:undefined":9,"s:134:2:134:Infinity":70,"s:134:16:134:Infinity":71,"s:136:22:138:Infinity":72,"b:137:6:137:122:138:6:138:Infinity":10,"s:140:2:312:Infinity":73,"b:173:14:175:15:175:14:178:13":11,"b:191:12:232:Infinity:232:14:308:Infinity":12,"b:193:15:193:Infinity:194:16:196:Infinity":13,"b:220:30:220:44:220:44:220:Infinity":14,"b:233:12:284:13:284:12:308:Infinity":15,"b:235:15:235:Infinity:236:16:238:Infinity":16,"b:263:127:263:154:263:154:263:Infinity":17,"b:263:23:263:47:263:47:263:75:263:75:263:127":18,"b:271:33:271:49:271:49:271:Infinity":19,"b:292:51:292:71:292:71:292:88":20}}}
,"D:\\game_aggregator_diplom\\frontend\\src\\pages\\Register.jsx": {"path":"D:\\game_aggregator_diplom\\frontend\\src\\pages\\Register.jsx","statementMap":{"0":{"start":{"line":8,"column":6},"end":{"line":147,"column":null}},"1":{"start":{"line":9,"column":19},"end":{"line":15,"column":4}},"2":{"start":{"line":16,"column":16},"end":{"line":16,"column":40}},"3":{"start":{"line":17,"column":20},"end":{"line":17,"column":51}},"4":{"start":{"line":19,"column":8},"end":{"line":19,"column":32}},"5":{"start":{"line":21,"column":8},"end":{"line":23,"column":null}},"6":{"start":{"line":22,"column":4},"end":{"line":22,"column":null}},"7":{"start":{"line":23,"column":4},"end":{"line":23,"column":null}},"8":{"start":{"line":26,"column":23},"end":{"line":54,"column":null}},"9":{"start":{"line":27,"column":4},"end":{"line":27,"column":null}},"10":{"start":{"line":30,"column":4},"end":{"line":32,"column":null}},"11":{"start":{"line":31,"column":6},"end":{"line":31,"column":null}},"12":{"start":{"line":32,"column":6},"end":{"line":32,"column":null}},"13":{"start":{"line":35,"column":4},"end":{"line":35,"column":null}},"14":{"start":{"line":36,"column":4},"end":{"line":36,"column":null}},"15":{"start":{"line":38,"column":4},"end":{"line":54,"column":null}},"16":{"start":{"line":39,"column":6},"end":{"line":45,"column":null}},"17":{"start":{"line":46,"column":6},"end":{"line":46,"column":null}},"18":{"start":{"line":48,"column":6},"end":{"line":52,"column":null}},"19":{"start":{"line":54,"column":6},"end":{"line":54,"column":null}},"20":{"start":{"line":58,"column":2},"end":{"line":147,"column":null}}},"fnMap":{"0":{"name":"(anonymous_0)","decl":{"start":{"line":8,"column":6},"end":{"line":8,"column":23}},"loc":{"start":{"line":8,"column":23},"end":{"line":147,"column":null}},"line":8},"1":{"name":"(anonymous_1)","decl":{"start":{"line":21,"column":8},"end":{"line":21,"column":24}},"loc":{"start":{"line":21,"column":30},"end":{"line":23,"column":null}},"line":21},"2":{"name":"(anonymous_2)","decl":{"start":{"line":26,"column":23},"end":{"line":26,"column":30}},"loc":{"start":{"line":26,"column":36},"end":{"line":54,"column":null}},"line":26}},"branchMap":{"0":{"loc":{"start":{"line":30,"column":4},"end":{"line":32,"column":null}},"type":"if","locations":[{"start":{"line":30,"column":4},"end":{"line":32,"column":null}},{"start":{},"end":{}}],"line":30},"1":{"loc":{"start":{"line":41,"column":18},"end":{"line":41,"column":null}},"type":"binary-expr","locations":[{"start":{"line":41,"column":18},"end":{"line":41,"column":39}},{"start":{"line":41,"column":39},"end":{"line":41,"column":null}}],"line":41},"2":{"loc":{"start":{"line":49,"column":8},"end":{"line":51,"column":null}},"type":"binary-expr","locations":[{"start":{"line":49,"column":8},"end":{"line":49,"column":null}},{"start":{"line":50,"column":10},"end":{"line":50,"column":null}},{"start":{"line":51,"column":10},"end":{"line":51,"column":null}}],"line":49},"3":{"loc":{"start":{"line":61,"column":9},"end":{"line":64,"column":null}},"type":"binary-expr","locations":[{"start":{"line":61,"column":9},"end":{"line":61,"column":null}},{"start":{"line":62,"column":10},"end":{"line":64,"column":null}}],"line":61},"4":{"loc":{"start":{"line":115,"column":12},"end":{"line":119,"column":null}},"type":"cond-expr","locations":[{"start":{"line":118,"column":16},"end":{"line":118,"column":null}},{"start":{"line":119,"column":16},"end":{"line":119,"column":null}}],"line":115},"5":{"loc":{"start":{"line":115,"column":12},"end":{"line":117,"column":null}},"type":"binary-expr","locations":[{"start":{"line":115,"column":12},"end":{"line":115,"column":null}},{"start":{"line":116,"column":12},"end":{"line":116,"column":null}},{"start":{"line":117,"column":12},"end":{"line":117,"column":null}}],"line":115},"6":{"loc":{"start":{"line":128,"column":14},"end":{"line":130,"column":null}},"type":"cond-expr","locations":[{"start":{"line":129,"column":18},"end":{"line":129,"column":null}},{"start":{"line":130,"column":18},"end":{"line":130,"column":null}}],"line":128},"7":{"loc":{"start":{"line":133,"column":13},"end":{"line":133,"column":null}},"type":"cond-expr","locations":[{"start":{"line":133,"column":25},"end":{"line":133,"column":49}},{"start":{"line":133,"column":49},"end":{"line":133,"column":null}}],"line":133}},"s":{"0":2,"1":118,"2":118,"3":118,"4":118,"5":118,"6":108,"7":108,"8":118,"9":2,"10":2,"11":0,"12":0,"13":2,"14":2,"15":2,"16":2,"17":1,"18":1,"19":2,"20":118},"f":{"0":118,"1":108,"2":2},"b":{"0":[0,2],"1":[2,2],"2":[1,0,0],"3":[118,1],"4":[29,89],"5":[118,65,36],"6":[2,116],"7":[2,116]},"meta":{"lastBranch":8,"lastFunction":3,"lastStatement":21,"seen":{"s:8:6:147:Infinity":0,"f:8:6:8:23":0,"s:9:19:15:4":1,"s:16:16:16:40":2,"s:17:20:17:51":3,"s:19:8:19:32":4,"s:21:8:23:Infinity":5,"f:21:8:21:24":1,"s:22:4:22:Infinity":6,"s:23:4:23:Infinity":7,"s:26:23:54:Infinity":8,"f:26:23:26:30":2,"s:27:4:27:Infinity":9,"b:30:4:32:Infinity:undefined:undefined:undefined:undefined":0,"s:30:4:32:Infinity":10,"s:31:6:31:Infinity":11,"s:32:6:32:Infinity":12,"s:35:4:35:Infinity":13,"s:36:4:36:Infinity":14,"s:38:4:54:Infinity":15,"s:39:6:45:Infinity":16,"b:41:18:41:39:41:39:41:Infinity":1,"s:46:6:46:Infinity":17,"s:48:6:52:Infinity":18,"b:49:8:49:Infinity:50:10:50:Infinity:51:10:51:Infinity":2,"s:54:6:54:Infinity":19,"s:58:2:147:Infinity":20,"b:61:9:61:Infinity:62:10:64:Infinity":3,"b:118:16:118:Infinity:119:16:119:Infinity":4,"b:115:12:115:Infinity:116:12:116:Infinity:117:12:117:Infinity":5,"b:129:18:129:Infinity:130:18:130:Infinity":6,"b:133:25:133:49:133:49:133:Infinity":7}}}
}
